mode: set
github.com/softivite/puxbay/cmd/createsuperuser/main.go:21.13,26.16 4 0
github.com/softivite/puxbay/cmd/createsuperuser/main.go:26.16,28.3 1 0
github.com/softivite/puxbay/cmd/createsuperuser/main.go:29.2,39.16 3 0
github.com/softivite/puxbay/cmd/createsuperuser/main.go:39.16,41.3 1 0
github.com/softivite/puxbay/cmd/createsuperuser/main.go:43.2,48.20 5 0
github.com/softivite/puxbay/cmd/createsuperuser/main.go:48.20,50.3 1 0
github.com/softivite/puxbay/cmd/createsuperuser/main.go:52.2,55.17 4 0
github.com/softivite/puxbay/cmd/createsuperuser/main.go:55.17,57.3 1 0
github.com/softivite/puxbay/cmd/createsuperuser/main.go:59.2,62.16 4 0
github.com/softivite/puxbay/cmd/createsuperuser/main.go:62.16,64.3 1 0
github.com/softivite/puxbay/cmd/createsuperuser/main.go:65.2,70.16 5 0
github.com/softivite/puxbay/cmd/createsuperuser/main.go:70.16,72.3 1 0
github.com/softivite/puxbay/cmd/createsuperuser/main.go:73.2,75.33 2 0
github.com/softivite/puxbay/cmd/createsuperuser/main.go:75.33,77.3 1 0
github.com/softivite/puxbay/cmd/createsuperuser/main.go:79.2,80.16 2 0
github.com/softivite/puxbay/cmd/createsuperuser/main.go:80.16,82.3 1 0
github.com/softivite/puxbay/cmd/createsuperuser/main.go:84.2,94.47 2 0
github.com/softivite/puxbay/cmd/createsuperuser/main.go:94.47,96.3 1 0
github.com/softivite/puxbay/cmd/createsuperuser/main.go:98.2,98.48 1 0
github.com/softivite/puxbay/cmd/migrate/main.go:12.13,14.16 2 0
github.com/softivite/puxbay/cmd/migrate/main.go:14.16,16.3 1 0
github.com/softivite/puxbay/cmd/migrate/main.go:18.2,19.16 2 0
github.com/softivite/puxbay/cmd/migrate/main.go:19.16,21.3 1 0
github.com/softivite/puxbay/cmd/migrate/main.go:23.2,31.55 3 0
github.com/softivite/puxbay/internal/admin/admin.go:19.59,55.22 4 0
github.com/softivite/puxbay/internal/admin/admin.go:55.22,57.3 1 0
github.com/softivite/puxbay/internal/admin/admin.go:59.2,59.12 1 0
github.com/softivite/puxbay/internal/admin/tables.go:6.45,12.2 1 0
github.com/softivite/puxbay/internal/config/config.go:49.39,54.2 1 0
github.com/softivite/puxbay/internal/config/config.go:111.30,141.38 25 0
github.com/softivite/puxbay/internal/config/config.go:141.38,143.3 1 0
github.com/softivite/puxbay/internal/config/config.go:145.2,233.17 15 0
github.com/softivite/puxbay/internal/config/config.go:238.29,248.73 4 0
github.com/softivite/puxbay/internal/config/config.go:248.73,249.33 1 0
github.com/softivite/puxbay/internal/config/config.go:249.33,251.4 1 0
github.com/softivite/puxbay/internal/database/audit_callbacks.go:13.42,18.2 4 0
github.com/softivite/puxbay/internal/database/audit_callbacks.go:20.50,21.27 1 0
github.com/softivite/puxbay/internal/database/audit_callbacks.go:21.27,22.75 1 0
github.com/softivite/puxbay/internal/database/audit_callbacks.go:22.75,24.4 1 0
github.com/softivite/puxbay/internal/database/audit_callbacks.go:26.3,28.151 2 0
github.com/softivite/puxbay/internal/database/audit_callbacks.go:28.151,30.4 1 0
github.com/softivite/puxbay/internal/database/audit_callbacks.go:32.3,36.34 4 0
github.com/softivite/puxbay/internal/database/audit_callbacks.go:36.34,37.74 1 0
github.com/softivite/puxbay/internal/database/audit_callbacks.go:37.74,39.5 1 0
github.com/softivite/puxbay/internal/database/audit_callbacks.go:40.4,40.72 1 0
github.com/softivite/puxbay/internal/database/audit_callbacks.go:40.72,42.5 1 0
github.com/softivite/puxbay/internal/database/audit_callbacks.go:45.3,53.22 4 0
github.com/softivite/puxbay/internal/database/audit_callbacks.go:53.22,55.68 1 0
github.com/softivite/puxbay/internal/database/audit_callbacks.go:55.68,57.5 1 0
github.com/softivite/puxbay/internal/database/audit_callbacks.go:60.3,73.34 5 0
github.com/softivite/puxbay/internal/database/audit_callbacks.go:73.34,74.94 1 0
github.com/softivite/puxbay/internal/database/audit_callbacks.go:74.94,76.5 1 0
github.com/softivite/puxbay/internal/database/audit_callbacks.go:80.3,80.54 1 0
github.com/softivite/puxbay/internal/database/audit_callbacks.go:80.54,81.17 1 0
github.com/softivite/puxbay/internal/database/audit_callbacks.go:81.17,83.63 2 0
github.com/softivite/puxbay/internal/database/audit_callbacks.go:83.63,84.44 1 0
github.com/softivite/puxbay/internal/database/audit_callbacks.go:84.44,87.7 1 0
github.com/softivite/puxbay/internal/database/audit_callbacks.go:87.12,89.7 1 0
github.com/softivite/puxbay/internal/database/audit_callbacks.go:91.6,91.81 1 0
github.com/softivite/puxbay/internal/database/database.go:26.42,28.2 1 0
github.com/softivite/puxbay/internal/database/database.go:33.60,36.43 2 0
github.com/softivite/puxbay/internal/database/database.go:36.43,38.3 1 0
github.com/softivite/puxbay/internal/database/database.go:40.2,55.16 3 0
github.com/softivite/puxbay/internal/database/database.go:55.16,57.3 1 0
github.com/softivite/puxbay/internal/database/database.go:60.2,64.16 3 0
github.com/softivite/puxbay/internal/database/database.go:64.16,66.3 1 0
github.com/softivite/puxbay/internal/database/database.go:68.2,73.37 4 0
github.com/softivite/puxbay/internal/database/database.go:73.37,75.3 1 0
github.com/softivite/puxbay/internal/database/database.go:77.2,78.16 2 0
github.com/softivite/puxbay/internal/database/database.go:83.63,84.22 1 0
github.com/softivite/puxbay/internal/database/database.go:84.22,86.3 1 0
github.com/softivite/puxbay/internal/database/database.go:87.2,87.89 1 0
github.com/softivite/puxbay/internal/database/database.go:91.46,93.2 1 0
github.com/softivite/puxbay/internal/database/database.go:96.64,97.22 1 0
github.com/softivite/puxbay/internal/database/database.go:97.22,99.3 1 0
github.com/softivite/puxbay/internal/database/database.go:101.2,102.56 2 0
github.com/softivite/puxbay/internal/database/database.go:102.56,104.3 1 0
github.com/softivite/puxbay/internal/database/database.go:104.8,106.3 1 0
github.com/softivite/puxbay/internal/database/database.go:107.2,108.28 2 0
github.com/softivite/puxbay/internal/database/database.go:112.63,114.2 1 0
github.com/softivite/puxbay/internal/database/schema_validator.go:15.44,16.16 1 0
github.com/softivite/puxbay/internal/database/schema_validator.go:16.16,18.3 1 0
github.com/softivite/puxbay/internal/database/schema_validator.go:19.2,19.40 1 0
github.com/softivite/puxbay/internal/database/schema_validator.go:19.40,21.3 1 0
github.com/softivite/puxbay/internal/database/schema_validator.go:22.2,22.12 1 0
github.com/softivite/puxbay/internal/errors/wrapper.go:18.35,19.18 1 0
github.com/softivite/puxbay/internal/errors/wrapper.go:19.18,21.3 1 0
github.com/softivite/puxbay/internal/errors/wrapper.go:22.2,22.18 1 0
github.com/softivite/puxbay/internal/errors/wrapper.go:25.35,27.2 1 0
github.com/softivite/puxbay/internal/errors/wrapper.go:31.35,32.16 1 0
github.com/softivite/puxbay/internal/errors/wrapper.go:32.16,34.3 1 0
github.com/softivite/puxbay/internal/errors/wrapper.go:36.2,36.44 1 0
github.com/softivite/puxbay/internal/errors/wrapper.go:36.44,38.3 1 0
github.com/softivite/puxbay/internal/errors/wrapper.go:41.2,41.109 1 0
github.com/softivite/puxbay/internal/errors/wrapper.go:41.109,43.3 1 0
github.com/softivite/puxbay/internal/errors/wrapper.go:46.2,46.70 1 0
github.com/softivite/puxbay/internal/errors/wrapper.go:46.70,48.3 1 0
github.com/softivite/puxbay/internal/errors/wrapper.go:51.2,51.87 1 0
github.com/softivite/puxbay/cmd/server/main.go:40.13,43.16 2 0
github.com/softivite/puxbay/cmd/server/main.go:43.16,45.3 1 0
github.com/softivite/puxbay/cmd/server/main.go:47.2,53.16 5 0
github.com/softivite/puxbay/cmd/server/main.go:53.16,55.3 1 0
github.com/softivite/puxbay/cmd/server/main.go:56.2,64.34 3 0
github.com/softivite/puxbay/cmd/server/main.go:64.34,97.17 4 0
github.com/softivite/puxbay/cmd/server/main.go:97.17,99.4 1 0
github.com/softivite/puxbay/cmd/server/main.go:101.3,105.34 4 0
github.com/softivite/puxbay/cmd/server/main.go:105.34,111.49 3 0
github.com/softivite/puxbay/cmd/server/main.go:111.49,112.70 1 0
github.com/softivite/puxbay/cmd/server/main.go:112.70,114.6 1 0
github.com/softivite/puxbay/cmd/server/main.go:116.5,197.6 1 0
github.com/softivite/puxbay/cmd/server/main.go:199.4,199.18 1 0
github.com/softivite/puxbay/cmd/server/main.go:199.18,201.5 1 0
github.com/softivite/puxbay/cmd/server/main.go:205.3,207.45 2 0
github.com/softivite/puxbay/cmd/server/main.go:211.2,218.44 4 0
github.com/softivite/puxbay/cmd/server/main.go:218.44,220.3 1 0
github.com/softivite/puxbay/cmd/server/main.go:223.2,224.12 2 0
github.com/softivite/puxbay/cmd/server/main.go:224.12,225.46 1 0
github.com/softivite/puxbay/cmd/server/main.go:225.46,227.4 1 0
github.com/softivite/puxbay/cmd/server/main.go:229.2,242.12 6 0
github.com/softivite/puxbay/cmd/server/main.go:242.12,244.77 2 0
github.com/softivite/puxbay/cmd/server/main.go:244.77,246.4 1 0
github.com/softivite/puxbay/cmd/server/main.go:251.2,259.42 7 0
github.com/softivite/puxbay/cmd/server/main.go:259.42,261.3 1 0
github.com/softivite/puxbay/cmd/server/main.go:264.2,264.39 1 0
github.com/softivite/puxbay/cmd/server/main.go:264.39,267.3 2 0
github.com/softivite/puxbay/cmd/server/main.go:269.2,269.44 1 0
github.com/softivite/puxbay/internal/middleware/auth.go:25.72,26.30 1 0
github.com/softivite/puxbay/internal/middleware/auth.go:26.30,29.23 3 0
github.com/softivite/puxbay/internal/middleware/auth.go:29.23,31.64 2 0
github.com/softivite/puxbay/internal/middleware/auth.go:31.64,33.5 1 0
github.com/softivite/puxbay/internal/middleware/auth.go:37.3,37.24 1 0
github.com/softivite/puxbay/internal/middleware/auth.go:37.24,39.4 1 0
github.com/softivite/puxbay/internal/middleware/auth.go:41.3,41.24 1 0
github.com/softivite/puxbay/internal/middleware/auth.go:41.24,46.4 2 0
github.com/softivite/puxbay/internal/middleware/auth.go:49.3,50.17 2 0
github.com/softivite/puxbay/internal/middleware/auth.go:50.17,55.4 2 0
github.com/softivite/puxbay/internal/middleware/auth.go:58.3,58.35 1 0
github.com/softivite/puxbay/internal/middleware/auth.go:58.35,63.4 2 0
github.com/softivite/puxbay/internal/middleware/auth.go:66.3,66.64 1 0
github.com/softivite/puxbay/internal/middleware/auth.go:66.64,71.4 2 0
github.com/softivite/puxbay/internal/middleware/auth.go:74.3,79.29 5 0
github.com/softivite/puxbay/internal/middleware/auth.go:79.29,81.4 1 0
github.com/softivite/puxbay/internal/middleware/auth.go:83.3,83.11 1 0
github.com/softivite/puxbay/internal/middleware/auth.go:88.61,89.30 1 1
github.com/softivite/puxbay/internal/middleware/auth.go:89.30,91.14 2 1
github.com/softivite/puxbay/internal/middleware/auth.go:91.14,96.4 2 1
github.com/softivite/puxbay/internal/middleware/auth.go:98.3,99.40 2 1
github.com/softivite/puxbay/internal/middleware/auth.go:99.40,100.27 1 1
github.com/softivite/puxbay/internal/middleware/auth.go:100.27,103.5 2 1
github.com/softivite/puxbay/internal/middleware/auth.go:106.3,108.5 1 1
github.com/softivite/puxbay/internal/middleware/auth.go:113.45,114.30 1 0
github.com/softivite/puxbay/internal/middleware/auth.go:114.30,116.14 2 0
github.com/softivite/puxbay/internal/middleware/auth.go:116.14,121.4 2 0
github.com/softivite/puxbay/internal/middleware/auth.go:123.3,125.39 2 0
github.com/softivite/puxbay/internal/middleware/auth.go:125.39,130.4 2 0
github.com/softivite/puxbay/internal/middleware/auth.go:132.3,132.11 1 0
github.com/softivite/puxbay/internal/middleware/auth.go:138.81,139.42 1 0
github.com/softivite/puxbay/internal/middleware/auth.go:139.42,141.3 1 0
github.com/softivite/puxbay/internal/middleware/auth.go:144.2,149.67 4 0
github.com/softivite/puxbay/internal/middleware/auth.go:149.67,151.3 1 0
github.com/softivite/puxbay/internal/middleware/auth.go:153.2,153.13 1 0
github.com/softivite/puxbay/internal/middleware/auth.go:156.37,157.20 1 0
github.com/softivite/puxbay/internal/middleware/auth.go:157.20,159.3 1 0
github.com/softivite/puxbay/internal/middleware/auth.go:160.2,160.14 1 0
github.com/softivite/puxbay/internal/middleware/billing.go:18.42,19.30 1 0
github.com/softivite/puxbay/internal/middleware/billing.go:19.30,22.98 2 0
github.com/softivite/puxbay/internal/middleware/billing.go:22.98,25.4 2 0
github.com/softivite/puxbay/internal/middleware/billing.go:28.3,29.14 2 0
github.com/softivite/puxbay/internal/middleware/billing.go:29.14,33.4 3 0
github.com/softivite/puxbay/internal/middleware/billing.go:35.3,36.10 2 0
github.com/softivite/puxbay/internal/middleware/billing.go:36.10,40.4 3 0
github.com/softivite/puxbay/internal/middleware/billing.go:42.3,43.97 2 0
github.com/softivite/puxbay/internal/middleware/billing.go:43.97,51.4 3 0
github.com/softivite/puxbay/internal/middleware/billing.go:54.3,54.80 1 0
github.com/softivite/puxbay/internal/middleware/billing.go:54.80,55.56 1 0
github.com/softivite/puxbay/internal/middleware/billing.go:55.56,59.5 2 0
github.com/softivite/puxbay/internal/middleware/billing.go:63.3,63.151 1 0
github.com/softivite/puxbay/internal/middleware/billing.go:63.151,71.4 3 0
github.com/softivite/puxbay/internal/middleware/billing.go:74.3,74.11 1 0
github.com/softivite/puxbay/internal/middleware/branch.go:13.41,14.30 1 0
github.com/softivite/puxbay/internal/middleware/branch.go:14.30,16.24 2 0
github.com/softivite/puxbay/internal/middleware/branch.go:16.24,17.60 1 0
github.com/softivite/puxbay/internal/middleware/branch.go:17.60,20.5 1 0
github.com/softivite/puxbay/internal/middleware/branch.go:22.3,22.11 1 0
github.com/softivite/puxbay/internal/middleware/branch.go:28.53,30.13 2 0
github.com/softivite/puxbay/internal/middleware/branch.go:30.13,32.3 1 0
github.com/softivite/puxbay/internal/middleware/branch.go:33.2,34.9 2 0
github.com/softivite/puxbay/internal/middleware/branch.go:34.9,36.3 1 0
github.com/softivite/puxbay/internal/middleware/branch.go:37.2,37.19 1 0
github.com/softivite/puxbay/internal/middleware/branch.go:41.49,42.30 1 0
github.com/softivite/puxbay/internal/middleware/branch.go:42.30,43.35 1 0
github.com/softivite/puxbay/internal/middleware/branch.go:43.35,46.4 2 0
github.com/softivite/puxbay/internal/middleware/branch.go:47.3,47.11 1 0
github.com/softivite/puxbay/internal/middleware/branch.go:54.63,56.55 1 0
github.com/softivite/puxbay/internal/middleware/branch.go:56.55,57.45 1 0
github.com/softivite/puxbay/internal/middleware/branch.go:57.45,59.4 1 0
github.com/softivite/puxbay/internal/middleware/branch.go:60.3,60.45 1 0
github.com/softivite/puxbay/internal/middleware/branch.go:60.45,62.4 1 0
github.com/softivite/puxbay/internal/middleware/branch.go:65.2,65.21 1 0
github.com/softivite/puxbay/internal/middleware/branch.go:65.21,67.3 1 0
github.com/softivite/puxbay/internal/middleware/branch.go:70.2,70.61 1 0
github.com/softivite/puxbay/internal/middleware/branch.go:70.61,71.46 1 0
github.com/softivite/puxbay/internal/middleware/branch.go:71.46,73.4 1 0
github.com/softivite/puxbay/internal/middleware/branch.go:76.2,76.18 1 0
github.com/softivite/puxbay/internal/middleware/cors.go:15.61,17.45 1 0
github.com/softivite/puxbay/internal/middleware/cors.go:17.45,22.21 3 0
github.com/softivite/puxbay/internal/middleware/cors.go:22.21,23.87 1 0
github.com/softivite/puxbay/internal/middleware/cors.go:23.87,25.6 1 0
github.com/softivite/puxbay/internal/middleware/cors.go:29.4,29.47 1 0
github.com/softivite/puxbay/internal/middleware/cors.go:29.47,31.26 1 0
github.com/softivite/puxbay/internal/middleware/cors.go:31.26,33.6 1 0
github.com/softivite/puxbay/internal/middleware/cors.go:35.5,41.59 5 0
github.com/softivite/puxbay/internal/middleware/cors.go:41.59,43.6 1 0
github.com/softivite/puxbay/internal/middleware/cors.go:45.4,45.16 1 0
github.com/softivite/puxbay/internal/middleware/cors.go:56.40,57.30 1 0
github.com/softivite/puxbay/internal/middleware/cors.go:57.30,79.3 8 0
github.com/softivite/puxbay/internal/middleware/cors.go:83.38,84.30 1 0
github.com/softivite/puxbay/internal/middleware/cors.go:84.30,93.150 5 0
github.com/softivite/puxbay/internal/middleware/cors.go:93.150,95.4 1 0
github.com/softivite/puxbay/internal/middleware/cors.go:97.3,97.24 1 0
github.com/softivite/puxbay/internal/middleware/cors.go:97.24,105.4 1 0
github.com/softivite/puxbay/internal/middleware/cors.go:105.9,113.4 1 0
github.com/softivite/puxbay/internal/middleware/csrf.go:14.39,15.30 1 0
github.com/softivite/puxbay/internal/middleware/csrf.go:15.30,17.33 2 0
github.com/softivite/puxbay/internal/middleware/csrf.go:17.33,25.4 5 0
github.com/softivite/puxbay/internal/middleware/csrf.go:28.3,32.121 3 0
github.com/softivite/puxbay/internal/middleware/csrf.go:32.121,34.50 2 0
github.com/softivite/puxbay/internal/middleware/csrf.go:34.50,37.5 2 0
github.com/softivite/puxbay/internal/middleware/csrf.go:40.3,40.11 1 0
github.com/softivite/puxbay/internal/middleware/field_filtering.go:11.39,12.30 1 0
github.com/softivite/puxbay/internal/middleware/field_filtering.go:12.30,14.24 2 0
github.com/softivite/puxbay/internal/middleware/field_filtering.go:14.24,18.32 3 0
github.com/softivite/puxbay/internal/middleware/field_filtering.go:18.32,20.22 2 0
github.com/softivite/puxbay/internal/middleware/field_filtering.go:20.22,22.49 1 0
github.com/softivite/puxbay/internal/middleware/field_filtering.go:22.49,24.7 1 0
github.com/softivite/puxbay/internal/middleware/field_filtering.go:27.4,27.23 1 0
github.com/softivite/puxbay/internal/middleware/field_filtering.go:27.23,29.5 1 0
github.com/softivite/puxbay/internal/middleware/field_filtering.go:31.3,31.11 1 0
github.com/softivite/puxbay/internal/middleware/field_filtering.go:36.61,37.36 1 0
github.com/softivite/puxbay/internal/middleware/field_filtering.go:37.36,39.9 2 0
github.com/softivite/puxbay/internal/middleware/field_filtering.go:39.9,40.62 1 0
github.com/softivite/puxbay/internal/middleware/field_filtering.go:40.62,42.5 1 0
github.com/softivite/puxbay/internal/middleware/field_filtering.go:44.3,44.12 1 0
github.com/softivite/puxbay/internal/middleware/idempotency.go:13.64,14.30 1 0
github.com/softivite/puxbay/internal/middleware/idempotency.go:14.30,16.16 2 0
github.com/softivite/puxbay/internal/middleware/idempotency.go:16.16,19.4 2 0
github.com/softivite/puxbay/internal/middleware/idempotency.go:21.3,26.17 4 0
github.com/softivite/puxbay/internal/middleware/idempotency.go:26.17,29.4 2 0
github.com/softivite/puxbay/internal/middleware/idempotency.go:31.3,31.15 1 0
github.com/softivite/puxbay/internal/middleware/idempotency.go:31.15,35.4 2 0
github.com/softivite/puxbay/internal/middleware/idempotency.go:37.3,37.11 1 0
github.com/softivite/puxbay/internal/middleware/ratelimit.go:24.139,32.24 2 0
github.com/softivite/puxbay/internal/middleware/ratelimit.go:32.24,34.13 2 0
github.com/softivite/puxbay/internal/middleware/ratelimit.go:34.13,35.23 1 0
github.com/softivite/puxbay/internal/middleware/ratelimit.go:35.23,38.37 3 0
github.com/softivite/puxbay/internal/middleware/ratelimit.go:38.37,39.71 1 0
github.com/softivite/puxbay/internal/middleware/ratelimit.go:39.71,41.7 1 0
github.com/softivite/puxbay/internal/middleware/ratelimit.go:43.5,43.16 1 0
github.com/softivite/puxbay/internal/middleware/ratelimit.go:48.2,48.30 1 0
github.com/softivite/puxbay/internal/middleware/ratelimit.go:48.30,52.25 3 0
github.com/softivite/puxbay/internal/middleware/ratelimit.go:52.25,59.18 5 0
github.com/softivite/puxbay/internal/middleware/ratelimit.go:59.18,64.5 2 0
github.com/softivite/puxbay/internal/middleware/ratelimit.go:66.4,67.18 2 0
github.com/softivite/puxbay/internal/middleware/ratelimit.go:67.18,71.5 2 0
github.com/softivite/puxbay/internal/middleware/ratelimit.go:73.4,73.18 1 0
github.com/softivite/puxbay/internal/middleware/ratelimit.go:73.18,75.5 1 0
github.com/softivite/puxbay/internal/middleware/ratelimit.go:77.4,77.34 1 0
github.com/softivite/puxbay/internal/middleware/ratelimit.go:77.34,83.5 3 0
github.com/softivite/puxbay/internal/middleware/ratelimit.go:85.4,86.10 2 0
github.com/softivite/puxbay/internal/middleware/ratelimit.go:90.3,92.81 3 0
github.com/softivite/puxbay/internal/middleware/ratelimit.go:92.81,100.4 4 0
github.com/softivite/puxbay/internal/middleware/ratelimit.go:102.3,102.38 1 0
github.com/softivite/puxbay/internal/middleware/ratelimit.go:102.38,108.4 3 0
github.com/softivite/puxbay/internal/middleware/ratelimit.go:110.3,110.34 1 0
github.com/softivite/puxbay/internal/middleware/ratelimit.go:110.34,117.4 4 0
github.com/softivite/puxbay/internal/middleware/ratelimit.go:119.3,121.11 3 0
github.com/softivite/puxbay/internal/middleware/recovery.go:13.43,14.30 1 0
github.com/softivite/puxbay/internal/middleware/recovery.go:14.30,15.16 1 0
github.com/softivite/puxbay/internal/middleware/recovery.go:15.16,16.36 1 0
github.com/softivite/puxbay/internal/middleware/recovery.go:16.36,17.26 1 0
github.com/softivite/puxbay/internal/middleware/recovery.go:17.26,22.6 1 0
github.com/softivite/puxbay/internal/middleware/recovery.go:24.5,26.7 1 0
github.com/softivite/puxbay/internal/middleware/recovery.go:29.3,29.11 1 0
github.com/softivite/puxbay/internal/middleware/request_id.go:9.34,10.30 1 0
github.com/softivite/puxbay/internal/middleware/request_id.go:10.30,12.18 2 0
github.com/softivite/puxbay/internal/middleware/request_id.go:12.18,14.4 1 0
github.com/softivite/puxbay/internal/middleware/request_id.go:17.3,22.11 3 0
github.com/softivite/puxbay/internal/middleware/tenant.go:19.46,20.81 1 1
github.com/softivite/puxbay/internal/middleware/tenant.go:20.81,22.3 1 1
github.com/softivite/puxbay/internal/middleware/tenant.go:24.2,24.63 1 1
github.com/softivite/puxbay/internal/middleware/tenant.go:24.63,26.3 1 0
github.com/softivite/puxbay/internal/middleware/tenant.go:28.2,32.44 3 1
github.com/softivite/puxbay/internal/middleware/tenant.go:32.44,36.48 4 0
github.com/softivite/puxbay/internal/middleware/tenant.go:36.48,38.4 1 0
github.com/softivite/puxbay/internal/middleware/tenant.go:39.8,39.50 1 1
github.com/softivite/puxbay/internal/middleware/tenant.go:39.50,43.48 4 1
github.com/softivite/puxbay/internal/middleware/tenant.go:43.48,45.4 1 1
github.com/softivite/puxbay/internal/middleware/tenant.go:48.2,48.11 1 1
github.com/softivite/puxbay/internal/middleware/tenant.go:52.41,53.30 1 0
github.com/softivite/puxbay/internal/middleware/tenant.go:53.30,56.22 2 0
github.com/softivite/puxbay/internal/middleware/tenant.go:56.22,62.4 3 0
github.com/softivite/puxbay/internal/middleware/tenant.go:65.3,70.168 2 0
github.com/softivite/puxbay/internal/middleware/tenant.go:70.168,74.4 3 0
github.com/softivite/puxbay/internal/middleware/tenant.go:77.3,77.66 1 0
github.com/softivite/puxbay/internal/middleware/tenant.go:77.66,79.39 2 0
github.com/softivite/puxbay/internal/middleware/tenant.go:79.39,83.5 3 0
github.com/softivite/puxbay/internal/middleware/tenant.go:84.9,87.4 1 0
github.com/softivite/puxbay/internal/middleware/tenant.go:92.3,92.58 1 0
github.com/softivite/puxbay/internal/middleware/tenant.go:92.58,100.57 4 0
github.com/softivite/puxbay/internal/middleware/tenant.go:100.57,102.5 1 0
github.com/softivite/puxbay/internal/middleware/tenant.go:103.4,112.53 4 0
github.com/softivite/puxbay/internal/middleware/tenant.go:112.53,114.5 1 0
github.com/softivite/puxbay/internal/middleware/tenant.go:115.4,115.14 1 0
github.com/softivite/puxbay/internal/middleware/tenant.go:118.3,118.44 1 0
github.com/softivite/puxbay/internal/middleware/tenant.go:118.44,121.4 1 0
github.com/softivite/puxbay/internal/middleware/webhook_signature.go:15.54,16.30 1 0
github.com/softivite/puxbay/internal/middleware/webhook_signature.go:16.30,18.22 2 0
github.com/softivite/puxbay/internal/middleware/webhook_signature.go:18.22,21.4 2 0
github.com/softivite/puxbay/internal/middleware/webhook_signature.go:23.3,24.17 2 0
github.com/softivite/puxbay/internal/middleware/webhook_signature.go:24.17,27.4 2 0
github.com/softivite/puxbay/internal/middleware/webhook_signature.go:30.3,36.58 5 0
github.com/softivite/puxbay/internal/middleware/webhook_signature.go:36.58,39.4 2 0
github.com/softivite/puxbay/internal/middleware/webhook_signature.go:41.3,41.11 1 0
github.com/softivite/puxbay/internal/handlers/admin_handler.go:21.84,26.2 1 0
github.com/softivite/puxbay/internal/handlers/admin_handler.go:59.58,68.47 4 0
github.com/softivite/puxbay/internal/handlers/admin_handler.go:68.47,70.3 1 0
github.com/softivite/puxbay/internal/handlers/admin_handler.go:73.2,74.105 2 0
github.com/softivite/puxbay/internal/handlers/admin_handler.go:74.105,88.26 6 0
github.com/softivite/puxbay/internal/handlers/admin_handler.go:88.26,94.4 2 0
github.com/softivite/puxbay/internal/handlers/admin_handler.go:97.3,101.21 4 0
github.com/softivite/puxbay/internal/handlers/admin_handler.go:101.21,104.4 2 0
github.com/softivite/puxbay/internal/handlers/admin_handler.go:108.2,109.50 2 0
github.com/softivite/puxbay/internal/handlers/admin_handler.go:109.50,111.3 1 0
github.com/softivite/puxbay/internal/handlers/admin_handler.go:113.2,113.27 1 0
github.com/softivite/puxbay/internal/handlers/admin_handler.go:113.27,118.21 4 0
github.com/softivite/puxbay/internal/handlers/admin_handler.go:119.17,122.23 3 0
github.com/softivite/puxbay/internal/handlers/admin_handler.go:123.17,126.19 3 0
github.com/softivite/puxbay/internal/handlers/admin_handler.go:127.16,130.18 3 0
github.com/softivite/puxbay/internal/handlers/admin_handler.go:133.3,134.26 2 0
github.com/softivite/puxbay/internal/handlers/admin_handler.go:134.26,136.4 1 0
github.com/softivite/puxbay/internal/handlers/admin_handler.go:138.3,145.5 1 0
github.com/softivite/puxbay/internal/handlers/admin_handler.go:149.2,157.26 6 0
github.com/softivite/puxbay/internal/handlers/admin_handler.go:157.26,161.3 3 0
github.com/softivite/puxbay/internal/handlers/admin_handler.go:163.2,163.28 1 0
github.com/softivite/puxbay/internal/handlers/admin_handler.go:163.28,165.44 2 0
github.com/softivite/puxbay/internal/handlers/admin_handler.go:165.44,167.4 1 0
github.com/softivite/puxbay/internal/handlers/admin_handler.go:172.2,178.27 5 0
github.com/softivite/puxbay/internal/handlers/admin_handler.go:178.27,184.3 2 0
github.com/softivite/puxbay/internal/handlers/admin_handler.go:186.2,186.30 1 0
github.com/softivite/puxbay/internal/handlers/admin_handler.go:190.53,195.39 4 0
github.com/softivite/puxbay/internal/handlers/admin_handler.go:195.39,197.3 1 0
github.com/softivite/puxbay/internal/handlers/admin_handler.go:199.2,205.4 2 0
github.com/softivite/puxbay/internal/handlers/admin_handler.go:209.52,214.16 4 0
github.com/softivite/puxbay/internal/handlers/admin_handler.go:214.16,217.3 2 0
github.com/softivite/puxbay/internal/handlers/admin_handler.go:219.2,222.4 1 0
github.com/softivite/puxbay/internal/handlers/admin_handler.go:225.52,229.16 4 0
github.com/softivite/puxbay/internal/handlers/admin_handler.go:229.16,232.3 2 0
github.com/softivite/puxbay/internal/handlers/admin_handler.go:233.2,233.32 1 0
github.com/softivite/puxbay/internal/handlers/admin_handler.go:240.53,244.47 4 0
github.com/softivite/puxbay/internal/handlers/admin_handler.go:244.47,247.3 2 0
github.com/softivite/puxbay/internal/handlers/admin_handler.go:249.2,250.16 2 0
github.com/softivite/puxbay/internal/handlers/admin_handler.go:250.16,253.3 2 0
github.com/softivite/puxbay/internal/handlers/admin_handler.go:254.2,254.36 1 0
github.com/softivite/puxbay/internal/handlers/admin_handler.go:257.53,259.57 2 0
github.com/softivite/puxbay/internal/handlers/admin_handler.go:259.57,262.3 2 0
github.com/softivite/puxbay/internal/handlers/admin_handler.go:263.2,263.51 1 0
github.com/softivite/puxbay/internal/handlers/admin_handler.go:266.53,268.57 2 0
github.com/softivite/puxbay/internal/handlers/admin_handler.go:268.57,271.3 2 0
github.com/softivite/puxbay/internal/handlers/admin_handler.go:272.2,272.52 1 0
github.com/softivite/puxbay/internal/handlers/admin_handler.go:275.57,279.71 4 0
github.com/softivite/puxbay/internal/handlers/admin_handler.go:279.71,282.3 2 0
github.com/softivite/puxbay/internal/handlers/admin_handler.go:283.2,283.58 1 0
github.com/softivite/puxbay/internal/handlers/admin_handler.go:286.54,288.16 2 0
github.com/softivite/puxbay/internal/handlers/admin_handler.go:288.16,291.3 2 0
github.com/softivite/puxbay/internal/handlers/admin_handler.go:293.2,293.58 1 0
github.com/softivite/puxbay/internal/handlers/admin_handler.go:293.58,296.3 2 0
github.com/softivite/puxbay/internal/handlers/admin_handler.go:297.2,297.53 1 0
github.com/softivite/puxbay/internal/handlers/admin_handler.go:300.58,302.16 2 0
github.com/softivite/puxbay/internal/handlers/admin_handler.go:302.16,305.3 2 0
github.com/softivite/puxbay/internal/handlers/admin_handler.go:307.2,311.16 4 0
github.com/softivite/puxbay/internal/handlers/admin_handler.go:311.16,314.3 2 0
github.com/softivite/puxbay/internal/handlers/admin_handler.go:315.2,315.46 1 0
github.com/softivite/puxbay/internal/handlers/admin_handler.go:318.50,320.16 2 0
github.com/softivite/puxbay/internal/handlers/admin_handler.go:320.16,323.3 2 0
github.com/softivite/puxbay/internal/handlers/admin_handler.go:324.2,324.30 1 0
github.com/softivite/puxbay/internal/handlers/admin_handler.go:327.51,329.48 2 0
github.com/softivite/puxbay/internal/handlers/admin_handler.go:329.48,332.3 2 0
github.com/softivite/puxbay/internal/handlers/admin_handler.go:334.2,334.52 1 0
github.com/softivite/puxbay/internal/handlers/admin_handler.go:334.52,337.3 2 0
github.com/softivite/puxbay/internal/handlers/admin_handler.go:338.2,338.34 1 0
github.com/softivite/puxbay/internal/handlers/admin_handler.go:341.55,343.16 2 0
github.com/softivite/puxbay/internal/handlers/admin_handler.go:343.16,346.3 2 0
github.com/softivite/puxbay/internal/handlers/admin_handler.go:347.2,347.35 1 0
github.com/softivite/puxbay/internal/handlers/admin_handler.go:350.56,352.53 2 0
github.com/softivite/puxbay/internal/handlers/admin_handler.go:352.53,355.3 2 0
github.com/softivite/puxbay/internal/handlers/admin_handler.go:357.2,360.62 3 0
github.com/softivite/puxbay/internal/handlers/admin_handler.go:360.62,363.3 2 0
github.com/softivite/puxbay/internal/handlers/admin_handler.go:364.2,364.39 1 0
github.com/softivite/puxbay/internal/handlers/admin_handler.go:367.59,369.49 2 0
github.com/softivite/puxbay/internal/handlers/admin_handler.go:369.49,372.3 2 0
github.com/softivite/puxbay/internal/handlers/admin_handler.go:374.2,374.60 1 0
github.com/softivite/puxbay/internal/handlers/admin_handler.go:374.60,377.3 2 0
github.com/softivite/puxbay/internal/handlers/admin_handler.go:378.2,378.51 1 0
github.com/softivite/puxbay/internal/handlers/admin_handler.go:383.57,385.16 2 0
github.com/softivite/puxbay/internal/handlers/admin_handler.go:385.16,388.3 2 0
github.com/softivite/puxbay/internal/handlers/admin_handler.go:389.2,389.30 1 0
github.com/softivite/puxbay/internal/handlers/admin_handler.go:392.58,394.48 2 0
github.com/softivite/puxbay/internal/handlers/admin_handler.go:394.48,397.3 2 0
github.com/softivite/puxbay/internal/handlers/admin_handler.go:399.2,399.59 1 0
github.com/softivite/puxbay/internal/handlers/admin_handler.go:399.59,402.3 2 0
github.com/softivite/puxbay/internal/handlers/admin_handler.go:403.2,403.34 1 0
github.com/softivite/puxbay/internal/handlers/admin_handler.go:406.58,409.16 3 0
github.com/softivite/puxbay/internal/handlers/admin_handler.go:409.16,412.3 2 0
github.com/softivite/puxbay/internal/handlers/admin_handler.go:414.2,415.48 2 0
github.com/softivite/puxbay/internal/handlers/admin_handler.go:415.48,418.3 2 0
github.com/softivite/puxbay/internal/handlers/admin_handler.go:419.2,421.59 2 0
github.com/softivite/puxbay/internal/handlers/admin_handler.go:421.59,424.3 2 0
github.com/softivite/puxbay/internal/handlers/admin_handler.go:425.2,425.29 1 0
github.com/softivite/puxbay/internal/handlers/admin_handler.go:428.58,431.16 3 0
github.com/softivite/puxbay/internal/handlers/admin_handler.go:431.16,434.3 2 0
github.com/softivite/puxbay/internal/handlers/admin_handler.go:436.2,436.56 1 0
github.com/softivite/puxbay/internal/handlers/admin_handler.go:436.56,439.3 2 0
github.com/softivite/puxbay/internal/handlers/admin_handler.go:440.3,440.33 1 0
github.com/softivite/puxbay/internal/handlers/admin_handler.go:444.58,446.16 2 0
github.com/softivite/puxbay/internal/handlers/admin_handler.go:446.16,449.3 2 0
github.com/softivite/puxbay/internal/handlers/admin_handler.go:450.2,453.4 1 0
github.com/softivite/puxbay/internal/handlers/admin_handler.go:456.61,458.16 2 0
github.com/softivite/puxbay/internal/handlers/admin_handler.go:458.16,461.3 2 0
github.com/softivite/puxbay/internal/handlers/admin_handler.go:462.2,465.47 2 0
github.com/softivite/puxbay/internal/handlers/admin_handler.go:465.47,468.3 2 0
github.com/softivite/puxbay/internal/handlers/admin_handler.go:469.2,469.71 1 0
github.com/softivite/puxbay/internal/handlers/admin_handler.go:469.71,472.3 2 0
github.com/softivite/puxbay/internal/handlers/admin_handler.go:473.2,473.54 1 0
github.com/softivite/puxbay/internal/handlers/admin_handler.go:477.55,479.16 2 0
github.com/softivite/puxbay/internal/handlers/admin_handler.go:479.16,482.3 2 0
github.com/softivite/puxbay/internal/handlers/admin_handler.go:483.2,486.4 1 0
github.com/softivite/puxbay/internal/handlers/admin_handler.go:489.56,491.48 2 0
github.com/softivite/puxbay/internal/handlers/admin_handler.go:491.48,494.3 2 0
github.com/softivite/puxbay/internal/handlers/admin_handler.go:495.2,495.57 1 0
github.com/softivite/puxbay/internal/handlers/admin_handler.go:495.57,498.3 2 0
github.com/softivite/puxbay/internal/handlers/admin_handler.go:499.2,499.34 1 0
github.com/softivite/puxbay/internal/handlers/admin_handler.go:502.56,504.16 2 0
github.com/softivite/puxbay/internal/handlers/admin_handler.go:504.16,507.3 2 0
github.com/softivite/puxbay/internal/handlers/admin_handler.go:508.2,508.54 1 0
github.com/softivite/puxbay/internal/handlers/admin_handler.go:508.54,511.3 2 0
github.com/softivite/puxbay/internal/handlers/admin_handler.go:512.2,512.51 1 0
github.com/softivite/puxbay/internal/handlers/admin_handler.go:516.60,518.16 2 0
github.com/softivite/puxbay/internal/handlers/admin_handler.go:518.16,521.3 2 0
github.com/softivite/puxbay/internal/handlers/admin_handler.go:522.2,525.4 1 0
github.com/softivite/puxbay/internal/handlers/admin_handler.go:529.54,531.16 2 0
github.com/softivite/puxbay/internal/handlers/admin_handler.go:531.16,534.3 2 0
github.com/softivite/puxbay/internal/handlers/admin_handler.go:535.2,538.4 1 0
github.com/softivite/puxbay/internal/handlers/admin_handler.go:542.49,544.16 2 0
github.com/softivite/puxbay/internal/handlers/admin_handler.go:544.16,547.3 2 0
github.com/softivite/puxbay/internal/handlers/admin_handler.go:548.2,548.29 1 0
github.com/softivite/puxbay/internal/handlers/admin_handler.go:551.50,553.47 2 0
github.com/softivite/puxbay/internal/handlers/admin_handler.go:553.47,556.3 2 0
github.com/softivite/puxbay/internal/handlers/admin_handler.go:557.2,557.50 1 0
github.com/softivite/puxbay/internal/handlers/admin_handler.go:557.50,560.3 2 0
github.com/softivite/puxbay/internal/handlers/admin_handler.go:561.2,561.33 1 0
github.com/softivite/puxbay/internal/handlers/admin_handler.go:564.50,566.16 2 0
github.com/softivite/puxbay/internal/handlers/admin_handler.go:566.16,569.3 2 0
github.com/softivite/puxbay/internal/handlers/admin_handler.go:570.2,570.54 1 0
github.com/softivite/puxbay/internal/handlers/admin_handler.go:570.54,573.3 2 0
github.com/softivite/puxbay/internal/handlers/admin_handler.go:574.2,574.51 1 0
github.com/softivite/puxbay/internal/handlers/admin_handler.go:578.60,580.16 2 0
github.com/softivite/puxbay/internal/handlers/admin_handler.go:580.16,583.3 2 0
github.com/softivite/puxbay/internal/handlers/admin_handler.go:584.2,584.32 1 0
github.com/softivite/puxbay/internal/handlers/admin_handler.go:587.61,589.16 2 0
github.com/softivite/puxbay/internal/handlers/admin_handler.go:589.16,592.3 2 0
github.com/softivite/puxbay/internal/handlers/admin_handler.go:593.2,594.66 2 0
github.com/softivite/puxbay/internal/handlers/admin_handler.go:594.66,597.3 2 0
github.com/softivite/puxbay/internal/handlers/admin_handler.go:598.2,598.51 1 0
github.com/softivite/puxbay/internal/handlers/admin_handler.go:602.60,604.16 2 0
github.com/softivite/puxbay/internal/handlers/admin_handler.go:604.16,607.3 2 0
github.com/softivite/puxbay/internal/handlers/admin_handler.go:608.2,608.32 1 0
github.com/softivite/puxbay/internal/handlers/admin_handler.go:614.56,617.16 3 0
github.com/softivite/puxbay/internal/handlers/admin_handler.go:617.16,620.3 2 0
github.com/softivite/puxbay/internal/handlers/admin_handler.go:621.2,621.31 1 0
github.com/softivite/puxbay/internal/handlers/admin_handler.go:625.54,630.16 5 0
github.com/softivite/puxbay/internal/handlers/admin_handler.go:630.16,633.3 2 0
github.com/softivite/puxbay/internal/handlers/admin_handler.go:634.2,634.63 1 0
github.com/softivite/puxbay/internal/handlers/admin_handler.go:638.53,643.45 2 0
github.com/softivite/puxbay/internal/handlers/admin_handler.go:643.45,646.3 2 0
github.com/softivite/puxbay/internal/handlers/admin_handler.go:647.2,652.55 2 0
github.com/softivite/puxbay/internal/handlers/admin_handler.go:652.55,655.3 2 0
github.com/softivite/puxbay/internal/handlers/admin_handler.go:656.2,656.36 1 0
github.com/softivite/puxbay/internal/handlers/admin_handler.go:660.58,665.48 3 0
github.com/softivite/puxbay/internal/handlers/admin_handler.go:665.48,668.3 2 0
github.com/softivite/puxbay/internal/handlers/admin_handler.go:669.2,669.68 1 0
github.com/softivite/puxbay/internal/handlers/admin_handler.go:669.68,672.3 2 0
github.com/softivite/puxbay/internal/handlers/admin_handler.go:673.2,673.47 1 0
github.com/softivite/puxbay/internal/handlers/admin_handler.go:679.61,681.16 2 0
github.com/softivite/puxbay/internal/handlers/admin_handler.go:681.16,684.3 2 0
github.com/softivite/puxbay/internal/handlers/admin_handler.go:685.2,685.44 1 0
github.com/softivite/puxbay/internal/handlers/admin_handler.go:689.59,691.16 2 0
github.com/softivite/puxbay/internal/handlers/admin_handler.go:691.16,694.3 2 0
github.com/softivite/puxbay/internal/handlers/admin_handler.go:695.2,695.48 1 0
github.com/softivite/puxbay/internal/handlers/admin_handler.go:701.54,703.16 2 0
github.com/softivite/puxbay/internal/handlers/admin_handler.go:703.16,706.3 2 0
github.com/softivite/puxbay/internal/handlers/admin_handler.go:707.2,707.47 1 0
github.com/softivite/puxbay/internal/handlers/admin_handler.go:713.58,715.16 2 0
github.com/softivite/puxbay/internal/handlers/admin_handler.go:715.16,718.3 2 0
github.com/softivite/puxbay/internal/handlers/admin_handler.go:719.2,719.46 1 0
github.com/softivite/puxbay/internal/handlers/admin_handler.go:724.55,726.16 2 0
github.com/softivite/puxbay/internal/handlers/admin_handler.go:726.16,729.3 2 0
github.com/softivite/puxbay/internal/handlers/admin_handler.go:730.2,730.45 1 0
github.com/softivite/puxbay/internal/handlers/admin_handler.go:733.56,735.48 2 0
github.com/softivite/puxbay/internal/handlers/admin_handler.go:735.48,738.3 2 0
github.com/softivite/puxbay/internal/handlers/admin_handler.go:739.2,739.57 1 0
github.com/softivite/puxbay/internal/handlers/admin_handler.go:739.57,742.3 2 0
github.com/softivite/puxbay/internal/handlers/admin_handler.go:743.2,743.34 1 0
github.com/softivite/puxbay/internal/handlers/admin_handler.go:746.56,751.48 3 0
github.com/softivite/puxbay/internal/handlers/admin_handler.go:751.48,754.3 2 0
github.com/softivite/puxbay/internal/handlers/admin_handler.go:755.2,755.72 1 0
github.com/softivite/puxbay/internal/handlers/admin_handler.go:755.72,758.3 2 0
github.com/softivite/puxbay/internal/handlers/admin_handler.go:759.2,759.47 1 0
github.com/softivite/puxbay/internal/handlers/admin_handler.go:762.56,764.16 2 0
github.com/softivite/puxbay/internal/handlers/admin_handler.go:764.16,767.3 2 0
github.com/softivite/puxbay/internal/handlers/admin_handler.go:768.2,768.43 1 0
github.com/softivite/puxbay/internal/handlers/admin_handler.go:771.57,773.46 2 0
github.com/softivite/puxbay/internal/handlers/admin_handler.go:773.46,776.3 2 0
github.com/softivite/puxbay/internal/handlers/admin_handler.go:777.2,777.56 1 0
github.com/softivite/puxbay/internal/handlers/admin_handler.go:777.56,780.3 2 0
github.com/softivite/puxbay/internal/handlers/admin_handler.go:781.2,781.32 1 0
github.com/softivite/puxbay/internal/handlers/admin_handler.go:784.62,786.60 2 0
github.com/softivite/puxbay/internal/handlers/admin_handler.go:786.60,789.3 2 0
github.com/softivite/puxbay/internal/handlers/admin_handler.go:790.2,790.47 1 0
github.com/softivite/puxbay/internal/handlers/admin_handler.go:795.58,797.16 2 0
github.com/softivite/puxbay/internal/handlers/admin_handler.go:797.16,800.3 2 0
github.com/softivite/puxbay/internal/handlers/admin_handler.go:801.2,801.44 1 0
github.com/softivite/puxbay/internal/handlers/admin_handler.go:804.59,806.47 2 0
github.com/softivite/puxbay/internal/handlers/admin_handler.go:806.47,809.3 2 0
github.com/softivite/puxbay/internal/handlers/admin_handler.go:812.2,814.59 2 0
github.com/softivite/puxbay/internal/handlers/admin_handler.go:814.59,817.3 2 0
github.com/softivite/puxbay/internal/handlers/admin_handler.go:818.2,818.33 1 0
github.com/softivite/puxbay/internal/handlers/admin_handler.go:821.59,823.57 2 0
github.com/softivite/puxbay/internal/handlers/admin_handler.go:823.57,826.3 2 0
github.com/softivite/puxbay/internal/handlers/admin_handler.go:827.2,827.47 1 0
github.com/softivite/puxbay/internal/handlers/admin_handler.go:832.57,839.16 6 0
github.com/softivite/puxbay/internal/handlers/admin_handler.go:839.16,842.3 2 0
github.com/softivite/puxbay/internal/handlers/admin_handler.go:843.2,843.63 1 0
github.com/softivite/puxbay/internal/handlers/admin_handler.go:846.58,850.49 2 0
github.com/softivite/puxbay/internal/handlers/admin_handler.go:850.49,853.3 2 0
github.com/softivite/puxbay/internal/handlers/admin_handler.go:855.2,855.63 1 0
github.com/softivite/puxbay/internal/handlers/admin_handler.go:855.63,858.3 2 0
github.com/softivite/puxbay/internal/handlers/admin_handler.go:859.2,859.47 1 0
github.com/softivite/puxbay/internal/handlers/admin_handler.go:862.61,864.16 2 0
github.com/softivite/puxbay/internal/handlers/admin_handler.go:864.16,867.3 2 0
github.com/softivite/puxbay/internal/handlers/admin_handler.go:869.2,870.16 2 0
github.com/softivite/puxbay/internal/handlers/admin_handler.go:870.16,873.3 2 0
github.com/softivite/puxbay/internal/handlers/admin_handler.go:874.2,874.36 1 0
github.com/softivite/puxbay/internal/handlers/analytics_handler.go:17.57,19.2 1 0
github.com/softivite/puxbay/internal/handlers/analytics_handler.go:21.79,23.2 1 0
github.com/softivite/puxbay/internal/handlers/analytics_handler.go:26.54,31.16 4 0
github.com/softivite/puxbay/internal/handlers/analytics_handler.go:31.16,34.3 2 0
github.com/softivite/puxbay/internal/handlers/analytics_handler.go:36.2,36.31 1 0
github.com/softivite/puxbay/internal/handlers/analytics_handler.go:40.56,47.16 6 0
github.com/softivite/puxbay/internal/handlers/analytics_handler.go:47.16,50.3 2 0
github.com/softivite/puxbay/internal/handlers/analytics_handler.go:52.2,61.4 1 0
github.com/softivite/puxbay/internal/handlers/analytics_handler.go:65.61,72.16 6 0
github.com/softivite/puxbay/internal/handlers/analytics_handler.go:72.16,75.3 2 0
github.com/softivite/puxbay/internal/handlers/analytics_handler.go:77.2,80.4 1 0
github.com/softivite/puxbay/internal/handlers/analytics_handler.go:84.56,92.16 7 0
github.com/softivite/puxbay/internal/handlers/analytics_handler.go:92.16,95.3 2 0
github.com/softivite/puxbay/internal/handlers/analytics_handler.go:97.2,100.4 1 0
github.com/softivite/puxbay/internal/handlers/analytics_handler.go:104.60,109.16 4 0
github.com/softivite/puxbay/internal/handlers/analytics_handler.go:109.16,112.3 2 0
github.com/softivite/puxbay/internal/handlers/analytics_handler.go:114.2,118.4 1 0
github.com/softivite/puxbay/internal/handlers/analytics_handler.go:122.60,127.16 4 0
github.com/softivite/puxbay/internal/handlers/analytics_handler.go:127.16,130.3 2 0
github.com/softivite/puxbay/internal/handlers/analytics_handler.go:132.2,139.4 1 0
github.com/softivite/puxbay/internal/handlers/analytics_handler.go:142.57,147.16 4 0
github.com/softivite/puxbay/internal/handlers/analytics_handler.go:147.16,150.3 2 0
github.com/softivite/puxbay/internal/handlers/analytics_handler.go:152.2,152.31 1 0
github.com/softivite/puxbay/internal/handlers/analytics_handler.go:155.58,166.47 5 0
github.com/softivite/puxbay/internal/handlers/analytics_handler.go:166.47,169.3 2 0
github.com/softivite/puxbay/internal/handlers/analytics_handler.go:171.2,172.16 2 0
github.com/softivite/puxbay/internal/handlers/analytics_handler.go:172.16,175.3 2 0
github.com/softivite/puxbay/internal/handlers/analytics_handler.go:177.2,177.31 1 0
github.com/softivite/puxbay/internal/handlers/analytics_handler.go:180.61,187.16 6 0
github.com/softivite/puxbay/internal/handlers/analytics_handler.go:187.16,190.3 2 0
github.com/softivite/puxbay/internal/handlers/analytics_handler.go:192.2,192.31 1 0
github.com/softivite/puxbay/internal/handlers/analytics_handler.go:195.62,200.16 4 0
github.com/softivite/puxbay/internal/handlers/analytics_handler.go:200.16,203.3 2 0
github.com/softivite/puxbay/internal/handlers/analytics_handler.go:205.2,205.31 1 0
github.com/softivite/puxbay/internal/handlers/auth_handler.go:23.109,25.2 1 0
github.com/softivite/puxbay/internal/handlers/auth_handler.go:49.45,51.47 2 0
github.com/softivite/puxbay/internal/handlers/auth_handler.go:51.47,54.3 2 0
github.com/softivite/puxbay/internal/handlers/auth_handler.go:56.2,57.16 2 0
github.com/softivite/puxbay/internal/handlers/auth_handler.go:57.16,58.36 1 0
github.com/softivite/puxbay/internal/handlers/auth_handler.go:58.36,61.4 2 0
github.com/softivite/puxbay/internal/handlers/auth_handler.go:62.3,63.9 2 0
github.com/softivite/puxbay/internal/handlers/auth_handler.go:66.2,80.4 1 0
github.com/softivite/puxbay/internal/handlers/auth_handler.go:85.52,89.47 2 0
github.com/softivite/puxbay/internal/handlers/auth_handler.go:89.47,92.3 2 0
github.com/softivite/puxbay/internal/handlers/auth_handler.go:94.2,95.16 2 0
github.com/softivite/puxbay/internal/handlers/auth_handler.go:95.16,98.3 2 0
github.com/softivite/puxbay/internal/handlers/auth_handler.go:100.2,100.31 1 0
github.com/softivite/puxbay/internal/handlers/auth_handler.go:105.46,107.22 2 0
github.com/softivite/puxbay/internal/handlers/auth_handler.go:107.22,109.63 2 0
github.com/softivite/puxbay/internal/handlers/auth_handler.go:109.63,113.4 2 0
github.com/softivite/puxbay/internal/handlers/auth_handler.go:116.2,116.68 1 0
github.com/softivite/puxbay/internal/handlers/auth_handler.go:121.51,126.16 4 0
github.com/softivite/puxbay/internal/handlers/auth_handler.go:126.16,129.3 2 0
github.com/softivite/puxbay/internal/handlers/auth_handler.go:131.2,144.4 1 0
github.com/softivite/puxbay/internal/handlers/auth_handler.go:149.48,151.47 2 0
github.com/softivite/puxbay/internal/handlers/auth_handler.go:151.47,154.3 2 0
github.com/softivite/puxbay/internal/handlers/auth_handler.go:156.2,166.54 2 0
github.com/softivite/puxbay/internal/handlers/auth_handler.go:166.54,168.103 1 0
github.com/softivite/puxbay/internal/handlers/auth_handler.go:168.103,171.4 2 0
github.com/softivite/puxbay/internal/handlers/auth_handler.go:172.3,173.9 2 0
github.com/softivite/puxbay/internal/handlers/auth_handler.go:176.2,178.4 1 0
github.com/softivite/puxbay/internal/handlers/auth_handler.go:183.54,187.47 2 0
github.com/softivite/puxbay/internal/handlers/auth_handler.go:187.47,190.3 2 0
github.com/softivite/puxbay/internal/handlers/auth_handler.go:192.2,195.94 3 0
github.com/softivite/puxbay/internal/handlers/auth_handler.go:200.53,205.47 2 0
github.com/softivite/puxbay/internal/handlers/auth_handler.go:205.47,208.3 2 0
github.com/softivite/puxbay/internal/handlers/auth_handler.go:210.2,211.76 2 0
github.com/softivite/puxbay/internal/handlers/auth_handler.go:211.76,214.3 2 0
github.com/softivite/puxbay/internal/handlers/auth_handler.go:216.2,216.72 1 0
github.com/softivite/puxbay/internal/handlers/auth_handler.go:229.48,233.47 3 0
github.com/softivite/puxbay/internal/handlers/auth_handler.go:233.47,236.3 2 0
github.com/softivite/puxbay/internal/handlers/auth_handler.go:238.2,239.88 2 0
github.com/softivite/puxbay/internal/handlers/auth_handler.go:239.88,242.3 2 0
github.com/softivite/puxbay/internal/handlers/auth_handler.go:245.2,246.25 2 0
github.com/softivite/puxbay/internal/handlers/auth_handler.go:246.25,248.3 1 0
github.com/softivite/puxbay/internal/handlers/auth_handler.go:249.2,249.24 1 0
github.com/softivite/puxbay/internal/handlers/auth_handler.go:249.24,251.3 1 0
github.com/softivite/puxbay/internal/handlers/auth_handler.go:254.2,254.27 1 0
github.com/softivite/puxbay/internal/handlers/auth_handler.go:254.27,255.32 1 0
github.com/softivite/puxbay/internal/handlers/auth_handler.go:255.32,258.4 2 0
github.com/softivite/puxbay/internal/handlers/auth_handler.go:259.3,259.71 1 0
github.com/softivite/puxbay/internal/handlers/auth_handler.go:259.71,262.4 2 0
github.com/softivite/puxbay/internal/handlers/auth_handler.go:263.3,263.31 1 0
github.com/softivite/puxbay/internal/handlers/auth_handler.go:263.31,266.4 2 0
github.com/softivite/puxbay/internal/handlers/auth_handler.go:267.3,268.17 2 0
github.com/softivite/puxbay/internal/handlers/auth_handler.go:268.17,271.4 2 0
github.com/softivite/puxbay/internal/handlers/auth_handler.go:272.3,274.51 2 0
github.com/softivite/puxbay/internal/handlers/auth_handler.go:277.2,277.23 1 0
github.com/softivite/puxbay/internal/handlers/auth_handler.go:277.23,280.3 2 0
github.com/softivite/puxbay/internal/handlers/auth_handler.go:282.2,282.75 1 0
github.com/softivite/puxbay/internal/handlers/auth_handler.go:282.75,285.3 2 0
github.com/softivite/puxbay/internal/handlers/auth_handler.go:287.2,293.4 1 0
github.com/softivite/puxbay/internal/handlers/b2b_handler.go:18.45,20.2 1 0
github.com/softivite/puxbay/internal/handlers/b2b_handler.go:22.67,24.2 1 0
github.com/softivite/puxbay/internal/handlers/b2b_handler.go:26.69,29.30 3 0
github.com/softivite/puxbay/internal/handlers/b2b_handler.go:29.30,31.3 1 0
github.com/softivite/puxbay/internal/handlers/b2b_handler.go:32.2,32.26 1 0
github.com/softivite/puxbay/internal/handlers/b2b_handler.go:35.49,40.16 4 0
github.com/softivite/puxbay/internal/handlers/b2b_handler.go:40.16,41.55 1 0
github.com/softivite/puxbay/internal/handlers/b2b_handler.go:41.55,44.4 2 0
github.com/softivite/puxbay/internal/handlers/b2b_handler.go:45.3,46.9 2 0
github.com/softivite/puxbay/internal/handlers/b2b_handler.go:49.2,49.35 1 0
github.com/softivite/puxbay/internal/handlers/b2b_handler.go:62.50,66.47 3 0
github.com/softivite/puxbay/internal/handlers/b2b_handler.go:66.47,69.3 2 0
github.com/softivite/puxbay/internal/handlers/b2b_handler.go:71.2,72.33 2 0
github.com/softivite/puxbay/internal/handlers/b2b_handler.go:72.33,77.3 1 0
github.com/softivite/puxbay/internal/handlers/b2b_handler.go:79.2,86.16 3 0
github.com/softivite/puxbay/internal/handlers/b2b_handler.go:86.16,87.43 1 0
github.com/softivite/puxbay/internal/handlers/b2b_handler.go:87.43,90.4 2 0
github.com/softivite/puxbay/internal/handlers/b2b_handler.go:91.3,92.9 2 0
github.com/softivite/puxbay/internal/handlers/b2b_handler.go:95.2,95.73 1 0
github.com/softivite/puxbay/internal/handlers/b2b_handler.go:98.50,105.47 3 0
github.com/softivite/puxbay/internal/handlers/b2b_handler.go:105.47,108.3 2 0
github.com/softivite/puxbay/internal/handlers/b2b_handler.go:110.2,116.16 3 0
github.com/softivite/puxbay/internal/handlers/b2b_handler.go:116.16,117.39 1 0
github.com/softivite/puxbay/internal/handlers/b2b_handler.go:117.39,120.4 2 0
github.com/softivite/puxbay/internal/handlers/b2b_handler.go:121.3,121.38 1 0
github.com/softivite/puxbay/internal/handlers/b2b_handler.go:121.38,124.4 2 0
github.com/softivite/puxbay/internal/handlers/b2b_handler.go:125.3,126.9 2 0
github.com/softivite/puxbay/internal/handlers/b2b_handler.go:129.2,129.65 1 0
github.com/softivite/puxbay/internal/handlers/b2b_handler.go:132.50,134.16 2 0
github.com/softivite/puxbay/internal/handlers/b2b_handler.go:134.16,137.3 2 0
github.com/softivite/puxbay/internal/handlers/b2b_handler.go:138.2,138.34 1 0
github.com/softivite/puxbay/internal/handlers/b2b_handler.go:141.47,145.96 3 0
github.com/softivite/puxbay/internal/handlers/b2b_handler.go:145.96,148.3 2 0
github.com/softivite/puxbay/internal/handlers/b2b_handler.go:149.2,149.20 1 0
github.com/softivite/puxbay/internal/handlers/b2b_handler.go:152.58,157.88 4 0
github.com/softivite/puxbay/internal/handlers/b2b_handler.go:157.88,160.3 2 0
github.com/softivite/puxbay/internal/handlers/b2b_handler.go:162.2,162.33 1 0
github.com/softivite/puxbay/internal/handlers/b2b_handler.go:162.33,165.3 2 0
github.com/softivite/puxbay/internal/handlers/b2b_handler.go:167.2,167.52 1 0
github.com/softivite/puxbay/internal/handlers/b2b_handler.go:167.52,176.49 2 0
github.com/softivite/puxbay/internal/handlers/b2b_handler.go:176.49,178.4 1 0
github.com/softivite/puxbay/internal/handlers/b2b_handler.go:180.3,180.36 1 0
github.com/softivite/puxbay/internal/handlers/b2b_handler.go:180.36,188.79 2 0
github.com/softivite/puxbay/internal/handlers/b2b_handler.go:188.79,190.5 1 0
github.com/softivite/puxbay/internal/handlers/b2b_handler.go:193.3,196.11 1 0
github.com/softivite/puxbay/internal/handlers/b2b_handler.go:199.2,199.16 1 0
github.com/softivite/puxbay/internal/handlers/b2b_handler.go:199.16,202.3 2 0
github.com/softivite/puxbay/internal/handlers/b2b_handler.go:203.2,203.43 1 0
github.com/softivite/puxbay/internal/handlers/b2b_handler.go:206.48,208.47 2 0
github.com/softivite/puxbay/internal/handlers/b2b_handler.go:208.47,211.3 2 0
github.com/softivite/puxbay/internal/handlers/b2b_handler.go:213.2,213.83 1 0
github.com/softivite/puxbay/internal/handlers/barcode_handler.go:16.53,18.2 1 0
github.com/softivite/puxbay/internal/handlers/barcode_handler.go:20.75,22.2 1 0
github.com/softivite/puxbay/internal/handlers/barcode_handler.go:25.65,29.16 3 0
github.com/softivite/puxbay/internal/handlers/barcode_handler.go:29.16,30.41 1 0
github.com/softivite/puxbay/internal/handlers/barcode_handler.go:30.41,33.4 2 0
github.com/softivite/puxbay/internal/handlers/barcode_handler.go:34.3,34.53 1 0
github.com/softivite/puxbay/internal/handlers/barcode_handler.go:34.53,37.4 2 0
github.com/softivite/puxbay/internal/handlers/barcode_handler.go:38.3,39.9 2 0
github.com/softivite/puxbay/internal/handlers/barcode_handler.go:42.2,43.24 2 0
github.com/softivite/puxbay/internal/handlers/barcode_handler.go:43.24,47.3 3 0
github.com/softivite/puxbay/internal/handlers/barcode_handler.go:49.2,49.48 1 0
github.com/softivite/puxbay/internal/handlers/barcode_handler.go:53.60,57.16 3 0
github.com/softivite/puxbay/internal/handlers/barcode_handler.go:57.16,58.41 1 0
github.com/softivite/puxbay/internal/handlers/barcode_handler.go:58.41,61.4 2 0
github.com/softivite/puxbay/internal/handlers/barcode_handler.go:62.3,63.9 2 0
github.com/softivite/puxbay/internal/handlers/barcode_handler.go:66.2,67.24 2 0
github.com/softivite/puxbay/internal/handlers/barcode_handler.go:67.24,71.3 3 0
github.com/softivite/puxbay/internal/handlers/barcode_handler.go:73.2,73.48 1 0
github.com/softivite/puxbay/internal/handlers/barcode_handler.go:80.63,82.47 2 0
github.com/softivite/puxbay/internal/handlers/barcode_handler.go:82.47,85.3 2 0
github.com/softivite/puxbay/internal/handlers/barcode_handler.go:87.2,88.16 2 0
github.com/softivite/puxbay/internal/handlers/barcode_handler.go:88.16,91.3 2 0
github.com/softivite/puxbay/internal/handlers/barcode_handler.go:94.2,95.36 2 0
github.com/softivite/puxbay/internal/handlers/barcode_handler.go:95.36,98.3 2 0
github.com/softivite/puxbay/internal/handlers/barcode_handler.go:100.2,100.55 1 0
github.com/softivite/puxbay/internal/handlers/billing_handler.go:30.89,32.2 1 0
github.com/softivite/puxbay/internal/handlers/billing_handler.go:34.75,36.2 1 0
github.com/softivite/puxbay/internal/handlers/billing_handler.go:38.55,42.16 3 0
github.com/softivite/puxbay/internal/handlers/billing_handler.go:42.16,45.3 2 0
github.com/softivite/puxbay/internal/handlers/billing_handler.go:47.2,47.33 1 0
github.com/softivite/puxbay/internal/handlers/billing_handler.go:50.58,54.16 3 0
github.com/softivite/puxbay/internal/handlers/billing_handler.go:54.16,63.3 2 0
github.com/softivite/puxbay/internal/handlers/billing_handler.go:66.2,66.60 1 0
github.com/softivite/puxbay/internal/handlers/billing_handler.go:66.60,68.94 2 0
github.com/softivite/puxbay/internal/handlers/billing_handler.go:68.94,73.4 1 0
github.com/softivite/puxbay/internal/handlers/billing_handler.go:76.2,76.37 1 0
github.com/softivite/puxbay/internal/handlers/billing_handler.go:79.56,83.47 2 0
github.com/softivite/puxbay/internal/handlers/billing_handler.go:83.47,86.3 2 0
github.com/softivite/puxbay/internal/handlers/billing_handler.go:88.2,89.101 2 0
github.com/softivite/puxbay/internal/handlers/billing_handler.go:89.101,92.3 2 0
github.com/softivite/puxbay/internal/handlers/billing_handler.go:94.2,99.4 1 0
github.com/softivite/puxbay/internal/handlers/billing_handler.go:102.52,114.2 1 0
github.com/softivite/puxbay/internal/handlers/billing_handler.go:116.34,120.16 2 0
github.com/softivite/puxbay/internal/handlers/billing_handler.go:120.16,125.66 3 0
github.com/softivite/puxbay/internal/handlers/billing_handler.go:125.66,126.53 1 0
github.com/softivite/puxbay/internal/handlers/billing_handler.go:126.53,128.5 1 0
github.com/softivite/puxbay/internal/handlers/billing_handler.go:131.2,131.15 1 0
github.com/softivite/puxbay/internal/handlers/billing_handler.go:134.57,144.77 4 0
github.com/softivite/puxbay/internal/handlers/billing_handler.go:144.78,146.3 0 0
github.com/softivite/puxbay/internal/handlers/billing_handler.go:149.2,149.24 1 0
github.com/softivite/puxbay/internal/handlers/billing_handler.go:149.24,151.25 2 0
github.com/softivite/puxbay/internal/handlers/billing_handler.go:151.25,153.4 1 0
github.com/softivite/puxbay/internal/handlers/billing_handler.go:155.2,155.28 1 0
github.com/softivite/puxbay/internal/handlers/billing_handler.go:155.28,157.29 2 0
github.com/softivite/puxbay/internal/handlers/billing_handler.go:157.29,159.4 1 0
github.com/softivite/puxbay/internal/handlers/billing_handler.go:162.2,163.72 2 0
github.com/softivite/puxbay/internal/handlers/billing_handler.go:163.72,166.3 2 0
github.com/softivite/puxbay/internal/handlers/billing_handler.go:168.2,169.34 2 0
github.com/softivite/puxbay/internal/handlers/billing_handler.go:169.34,171.3 1 0
github.com/softivite/puxbay/internal/handlers/billing_handler.go:174.2,174.25 1 0
github.com/softivite/puxbay/internal/handlers/billing_handler.go:174.25,176.107 2 0
github.com/softivite/puxbay/internal/handlers/billing_handler.go:176.107,177.30 1 0
github.com/softivite/puxbay/internal/handlers/billing_handler.go:178.22,180.29 2 0
github.com/softivite/puxbay/internal/handlers/billing_handler.go:181.16,182.40 1 0
github.com/softivite/puxbay/internal/handlers/billing_handler.go:184.4,184.17 1 0
github.com/softivite/puxbay/internal/handlers/billing_handler.go:184.17,186.5 1 0
github.com/softivite/puxbay/internal/handlers/billing_handler.go:190.2,190.27 1 0
github.com/softivite/puxbay/internal/handlers/billing_handler.go:190.27,193.3 2 0
github.com/softivite/puxbay/internal/handlers/billing_handler.go:195.2,198.32 2 0
github.com/softivite/puxbay/internal/handlers/billing_handler.go:198.32,200.81 2 0
github.com/softivite/puxbay/internal/handlers/billing_handler.go:200.81,206.4 4 0
github.com/softivite/puxbay/internal/handlers/billing_handler.go:208.3,213.9 2 0
github.com/softivite/puxbay/internal/handlers/billing_handler.go:217.2,219.22 3 0
github.com/softivite/puxbay/internal/handlers/billing_handler.go:219.22,221.110 2 0
github.com/softivite/puxbay/internal/handlers/billing_handler.go:221.110,223.4 1 0
github.com/softivite/puxbay/internal/handlers/billing_handler.go:225.2,225.22 1 0
github.com/softivite/puxbay/internal/handlers/billing_handler.go:225.22,236.3 3 0
github.com/softivite/puxbay/internal/handlers/billing_handler.go:237.2,237.22 1 0
github.com/softivite/puxbay/internal/handlers/billing_handler.go:237.22,240.3 2 0
github.com/softivite/puxbay/internal/handlers/billing_handler.go:243.2,245.122 3 0
github.com/softivite/puxbay/internal/handlers/billing_handler.go:245.122,247.3 1 0
github.com/softivite/puxbay/internal/handlers/billing_handler.go:249.2,250.27 2 0
github.com/softivite/puxbay/internal/handlers/billing_handler.go:250.27,255.17 2 0
github.com/softivite/puxbay/internal/handlers/billing_handler.go:255.17,258.4 2 0
github.com/softivite/puxbay/internal/handlers/billing_handler.go:262.2,279.16 6 0
github.com/softivite/puxbay/internal/handlers/billing_handler.go:279.16,282.3 2 0
github.com/softivite/puxbay/internal/handlers/billing_handler.go:284.2,289.16 5 0
github.com/softivite/puxbay/internal/handlers/billing_handler.go:289.16,292.3 2 0
github.com/softivite/puxbay/internal/handlers/billing_handler.go:293.2,309.87 5 0
github.com/softivite/puxbay/internal/handlers/billing_handler.go:309.87,313.3 3 0
github.com/softivite/puxbay/internal/handlers/billing_handler.go:315.2,321.4 2 0
github.com/softivite/puxbay/internal/handlers/billing_handler.go:324.57,326.2 0 0
github.com/softivite/puxbay/internal/handlers/billing_handler.go:331.56,333.21 2 0
github.com/softivite/puxbay/internal/handlers/billing_handler.go:333.21,336.3 2 0
github.com/softivite/puxbay/internal/handlers/billing_handler.go:338.2,340.9 3 0
github.com/softivite/puxbay/internal/handlers/billing_handler.go:340.9,343.3 2 0
github.com/softivite/puxbay/internal/handlers/billing_handler.go:346.2,348.16 3 0
github.com/softivite/puxbay/internal/handlers/billing_handler.go:348.16,351.3 2 0
github.com/softivite/puxbay/internal/handlers/billing_handler.go:352.2,356.16 4 0
github.com/softivite/puxbay/internal/handlers/billing_handler.go:356.16,359.3 2 0
github.com/softivite/puxbay/internal/handlers/billing_handler.go:360.2,386.83 5 0
github.com/softivite/puxbay/internal/handlers/billing_handler.go:386.83,389.3 2 0
github.com/softivite/puxbay/internal/handlers/billing_handler.go:391.2,391.41 1 0
github.com/softivite/puxbay/internal/handlers/billing_handler.go:391.41,394.3 2 0
github.com/softivite/puxbay/internal/handlers/billing_handler.go:398.2,399.117 2 0
github.com/softivite/puxbay/internal/handlers/billing_handler.go:399.117,400.36 1 0
github.com/softivite/puxbay/internal/handlers/billing_handler.go:400.36,406.87 3 0
github.com/softivite/puxbay/internal/handlers/billing_handler.go:406.87,410.5 3 0
github.com/softivite/puxbay/internal/handlers/billing_handler.go:411.9,415.4 3 0
github.com/softivite/puxbay/internal/handlers/billing_handler.go:419.2,420.49 2 0
github.com/softivite/puxbay/internal/handlers/billing_handler.go:420.49,422.3 1 0
github.com/softivite/puxbay/internal/handlers/billing_handler.go:425.2,426.49 2 0
github.com/softivite/puxbay/internal/handlers/billing_handler.go:426.49,428.3 1 0
github.com/softivite/puxbay/internal/handlers/billing_handler.go:428.8,430.3 1 0
github.com/softivite/puxbay/internal/handlers/billing_handler.go:431.2,434.90 2 0
github.com/softivite/puxbay/internal/handlers/billing_handler.go:434.90,435.55 1 0
github.com/softivite/puxbay/internal/handlers/billing_handler.go:435.55,437.4 1 0
github.com/softivite/puxbay/internal/handlers/billing_handler.go:440.2,458.4 7 0
github.com/softivite/puxbay/internal/handlers/billing_handler.go:461.58,464.21 2 0
github.com/softivite/puxbay/internal/handlers/billing_handler.go:464.21,467.3 2 0
github.com/softivite/puxbay/internal/handlers/billing_handler.go:469.2,470.16 2 0
github.com/softivite/puxbay/internal/handlers/billing_handler.go:470.16,473.3 2 0
github.com/softivite/puxbay/internal/handlers/billing_handler.go:475.2,479.36 4 0
github.com/softivite/puxbay/internal/handlers/billing_handler.go:479.36,482.3 2 0
github.com/softivite/puxbay/internal/handlers/billing_handler.go:485.2,500.51 3 0
github.com/softivite/puxbay/internal/handlers/billing_handler.go:500.51,503.3 2 0
github.com/softivite/puxbay/internal/handlers/billing_handler.go:505.2,505.71 1 0
github.com/softivite/puxbay/internal/handlers/billing_handler.go:505.71,510.3 2 0
github.com/softivite/puxbay/internal/handlers/billing_handler.go:512.2,512.25 1 0
github.com/softivite/puxbay/internal/handlers/branch_handler.go:19.51,21.2 1 0
github.com/softivite/puxbay/internal/handlers/branch_handler.go:23.73,25.2 1 0
github.com/softivite/puxbay/internal/handlers/branch_handler.go:29.46,34.16 4 0
github.com/softivite/puxbay/internal/handlers/branch_handler.go:34.16,37.3 2 0
github.com/softivite/puxbay/internal/handlers/branch_handler.go:39.2,42.4 1 0
github.com/softivite/puxbay/internal/handlers/branch_handler.go:58.48,60.47 2 0
github.com/softivite/puxbay/internal/handlers/branch_handler.go:60.47,63.3 2 0
github.com/softivite/puxbay/internal/handlers/branch_handler.go:65.2,80.16 5 0
github.com/softivite/puxbay/internal/handlers/branch_handler.go:80.16,83.3 2 0
github.com/softivite/puxbay/internal/handlers/branch_handler.go:85.2,85.36 1 0
github.com/softivite/puxbay/internal/handlers/branch_handler.go:90.45,94.16 3 0
github.com/softivite/puxbay/internal/handlers/branch_handler.go:94.16,97.3 2 0
github.com/softivite/puxbay/internal/handlers/branch_handler.go:99.2,99.31 1 0
github.com/softivite/puxbay/internal/handlers/branch_handler.go:117.48,121.47 3 0
github.com/softivite/puxbay/internal/handlers/branch_handler.go:121.47,124.3 2 0
github.com/softivite/puxbay/internal/handlers/branch_handler.go:126.2,139.16 3 0
github.com/softivite/puxbay/internal/handlers/branch_handler.go:139.16,140.40 1 0
github.com/softivite/puxbay/internal/handlers/branch_handler.go:140.40,143.4 2 0
github.com/softivite/puxbay/internal/handlers/branch_handler.go:144.3,145.9 2 0
github.com/softivite/puxbay/internal/handlers/branch_handler.go:148.2,148.31 1 0
github.com/softivite/puxbay/internal/handlers/branch_handler.go:153.48,156.54 2 0
github.com/softivite/puxbay/internal/handlers/branch_handler.go:156.54,159.3 2 0
github.com/softivite/puxbay/internal/handlers/branch_handler.go:161.2,161.35 1 0
github.com/softivite/puxbay/internal/handlers/branch_handler.go:166.56,171.16 4 0
github.com/softivite/puxbay/internal/handlers/branch_handler.go:171.16,174.3 2 0
github.com/softivite/puxbay/internal/handlers/branch_handler.go:175.2,175.32 1 0
github.com/softivite/puxbay/internal/handlers/branch_handler.go:180.55,184.16 3 0
github.com/softivite/puxbay/internal/handlers/branch_handler.go:184.16,187.3 2 0
github.com/softivite/puxbay/internal/handlers/branch_handler.go:188.2,188.32 1 0
github.com/softivite/puxbay/internal/handlers/cash_drawer_handler.go:18.59,20.2 1 0
github.com/softivite/puxbay/internal/handlers/cash_drawer_handler.go:22.60,24.2 1 0
github.com/softivite/puxbay/internal/handlers/cash_drawer_handler.go:26.65,30.2 3 0
github.com/softivite/puxbay/internal/handlers/cash_drawer_handler.go:33.50,38.47 2 0
github.com/softivite/puxbay/internal/handlers/cash_drawer_handler.go:38.47,41.3 2 0
github.com/softivite/puxbay/internal/handlers/cash_drawer_handler.go:43.2,44.16 2 0
github.com/softivite/puxbay/internal/handlers/cash_drawer_handler.go:44.16,47.3 2 0
github.com/softivite/puxbay/internal/handlers/cash_drawer_handler.go:49.2,56.58 3 0
github.com/softivite/puxbay/internal/handlers/cash_drawer_handler.go:56.58,59.3 2 0
github.com/softivite/puxbay/internal/handlers/cash_drawer_handler.go:61.2,61.37 1 0
github.com/softivite/puxbay/internal/handlers/cash_drawer_handler.go:65.51,71.47 2 0
github.com/softivite/puxbay/internal/handlers/cash_drawer_handler.go:71.47,74.3 2 0
github.com/softivite/puxbay/internal/handlers/cash_drawer_handler.go:76.2,77.16 2 0
github.com/softivite/puxbay/internal/handlers/cash_drawer_handler.go:77.16,80.3 2 0
github.com/softivite/puxbay/internal/handlers/cash_drawer_handler.go:82.2,83.78 2 0
github.com/softivite/puxbay/internal/handlers/cash_drawer_handler.go:83.78,86.3 2 0
github.com/softivite/puxbay/internal/handlers/cash_drawer_handler.go:88.2,92.17 5 0
github.com/softivite/puxbay/internal/handlers/cash_drawer_handler.go:92.17,94.3 1 0
github.com/softivite/puxbay/internal/handlers/cash_drawer_handler.go:96.2,96.56 1 0
github.com/softivite/puxbay/internal/handlers/cash_drawer_handler.go:96.56,99.3 2 0
github.com/softivite/puxbay/internal/handlers/cash_drawer_handler.go:101.2,101.32 1 0
github.com/softivite/puxbay/internal/handlers/cash_drawer_handler.go:105.55,108.16 3 0
github.com/softivite/puxbay/internal/handlers/cash_drawer_handler.go:108.16,111.3 2 0
github.com/softivite/puxbay/internal/handlers/cash_drawer_handler.go:113.2,114.78 2 0
github.com/softivite/puxbay/internal/handlers/cash_drawer_handler.go:114.78,117.3 2 0
github.com/softivite/puxbay/internal/handlers/cash_drawer_handler.go:119.2,124.4 1 0
github.com/softivite/puxbay/internal/handlers/cash_drawer_handler.go:128.50,133.20 4 0
github.com/softivite/puxbay/internal/handlers/cash_drawer_handler.go:133.20,135.3 1 0
github.com/softivite/puxbay/internal/handlers/cash_drawer_handler.go:136.2,138.52 2 0
github.com/softivite/puxbay/internal/handlers/cash_drawer_handler.go:138.52,141.3 2 0
github.com/softivite/puxbay/internal/handlers/cash_drawer_handler.go:143.2,143.33 1 0
github.com/softivite/puxbay/internal/handlers/category_handler.go:15.55,17.2 1 0
github.com/softivite/puxbay/internal/handlers/category_handler.go:19.77,21.2 1 0
github.com/softivite/puxbay/internal/handlers/category_handler.go:23.48,25.16 2 0
github.com/softivite/puxbay/internal/handlers/category_handler.go:25.16,28.3 2 0
github.com/softivite/puxbay/internal/handlers/category_handler.go:30.2,30.23 1 0
github.com/softivite/puxbay/internal/handlers/category_handler.go:30.23,32.3 1 0
github.com/softivite/puxbay/internal/handlers/category_handler.go:33.2,33.35 1 0
github.com/softivite/puxbay/internal/handlers/category_handler.go:42.50,44.47 2 0
github.com/softivite/puxbay/internal/handlers/category_handler.go:44.47,47.3 2 0
github.com/softivite/puxbay/internal/handlers/category_handler.go:49.2,56.16 3 0
github.com/softivite/puxbay/internal/handlers/category_handler.go:56.16,59.3 2 0
github.com/softivite/puxbay/internal/handlers/category_handler.go:61.2,61.38 1 0
github.com/softivite/puxbay/internal/handlers/category_handler.go:64.47,68.16 3 0
github.com/softivite/puxbay/internal/handlers/category_handler.go:68.16,71.3 2 0
github.com/softivite/puxbay/internal/handlers/category_handler.go:73.2,73.33 1 0
github.com/softivite/puxbay/internal/handlers/category_handler.go:76.50,80.47 3 0
github.com/softivite/puxbay/internal/handlers/category_handler.go:80.47,83.3 2 0
github.com/softivite/puxbay/internal/handlers/category_handler.go:85.2,92.16 3 0
github.com/softivite/puxbay/internal/handlers/category_handler.go:92.16,93.42 1 0
github.com/softivite/puxbay/internal/handlers/category_handler.go:93.42,96.4 2 0
github.com/softivite/puxbay/internal/handlers/category_handler.go:97.3,98.9 2 0
github.com/softivite/puxbay/internal/handlers/category_handler.go:101.2,101.33 1 0
github.com/softivite/puxbay/internal/handlers/category_handler.go:104.50,107.56 2 0
github.com/softivite/puxbay/internal/handlers/category_handler.go:107.56,110.3 2 0
github.com/softivite/puxbay/internal/handlers/category_handler.go:112.2,112.35 1 0
github.com/softivite/puxbay/internal/handlers/content_handler.go:15.53,17.2 1 0
github.com/softivite/puxbay/internal/handlers/content_handler.go:21.52,25.48 2 0
github.com/softivite/puxbay/internal/handlers/content_handler.go:25.48,28.3 2 0
github.com/softivite/puxbay/internal/handlers/content_handler.go:31.2,40.29 3 0
github.com/softivite/puxbay/internal/handlers/content_handler.go:40.29,48.3 1 0
github.com/softivite/puxbay/internal/handlers/content_handler.go:50.2,50.46 1 0
github.com/softivite/puxbay/internal/handlers/copilot_handler.go:19.73,24.2 1 0
github.com/softivite/puxbay/internal/handlers/copilot_handler.go:34.47,36.13 2 0
github.com/softivite/puxbay/internal/handlers/copilot_handler.go:36.13,39.3 2 0
github.com/softivite/puxbay/internal/handlers/copilot_handler.go:40.2,41.9 2 0
github.com/softivite/puxbay/internal/handlers/copilot_handler.go:41.9,44.3 2 0
github.com/softivite/puxbay/internal/handlers/copilot_handler.go:46.2,47.47 2 0
github.com/softivite/puxbay/internal/handlers/copilot_handler.go:47.47,50.3 2 0
github.com/softivite/puxbay/internal/handlers/copilot_handler.go:52.2,53.16 2 0
github.com/softivite/puxbay/internal/handlers/copilot_handler.go:53.16,56.3 2 0
github.com/softivite/puxbay/internal/handlers/copilot_handler.go:58.2,58.51 1 0
github.com/softivite/puxbay/internal/handlers/crm_handler.go:17.45,19.2 1 0
github.com/softivite/puxbay/internal/handlers/crm_handler.go:21.67,23.2 1 0
github.com/softivite/puxbay/internal/handlers/crm_handler.go:28.62,32.16 3 0
github.com/softivite/puxbay/internal/handlers/crm_handler.go:32.16,35.3 2 0
github.com/softivite/puxbay/internal/handlers/crm_handler.go:37.2,37.60 1 0
github.com/softivite/puxbay/internal/handlers/crm_handler.go:43.52,47.16 3 0
github.com/softivite/puxbay/internal/handlers/crm_handler.go:47.16,50.3 2 0
github.com/softivite/puxbay/internal/handlers/crm_handler.go:52.2,52.55 1 0
github.com/softivite/puxbay/internal/handlers/crm_handler.go:56.53,58.47 2 0
github.com/softivite/puxbay/internal/handlers/crm_handler.go:58.47,61.3 2 0
github.com/softivite/puxbay/internal/handlers/crm_handler.go:63.2,63.58 1 0
github.com/softivite/puxbay/internal/handlers/crm_handler.go:63.58,66.3 2 0
github.com/softivite/puxbay/internal/handlers/crm_handler.go:68.2,68.33 1 0
github.com/softivite/puxbay/internal/handlers/crm_handler.go:74.53,76.16 2 0
github.com/softivite/puxbay/internal/handlers/crm_handler.go:76.16,79.3 2 0
github.com/softivite/puxbay/internal/handlers/crm_handler.go:81.2,81.33 1 0
github.com/softivite/puxbay/internal/handlers/crm_handler.go:85.56,90.47 2 0
github.com/softivite/puxbay/internal/handlers/crm_handler.go:90.47,93.3 2 0
github.com/softivite/puxbay/internal/handlers/crm_handler.go:95.2,96.16 2 0
github.com/softivite/puxbay/internal/handlers/crm_handler.go:96.16,99.3 2 0
github.com/softivite/puxbay/internal/handlers/crm_handler.go:101.2,101.33 1 0
github.com/softivite/puxbay/internal/handlers/crm_handler.go:107.48,109.16 2 0
github.com/softivite/puxbay/internal/handlers/crm_handler.go:109.16,112.3 2 0
github.com/softivite/puxbay/internal/handlers/crm_handler.go:113.2,113.46 1 0
github.com/softivite/puxbay/internal/handlers/crm_handler.go:117.49,119.47 2 0
github.com/softivite/puxbay/internal/handlers/crm_handler.go:119.47,122.3 2 0
github.com/softivite/puxbay/internal/handlers/crm_handler.go:124.2,124.62 1 0
github.com/softivite/puxbay/internal/handlers/crm_handler.go:124.62,127.3 2 0
github.com/softivite/puxbay/internal/handlers/crm_handler.go:129.2,129.33 1 0
github.com/softivite/puxbay/internal/handlers/crm_handler.go:133.49,137.47 3 0
github.com/softivite/puxbay/internal/handlers/crm_handler.go:137.47,140.3 2 0
github.com/softivite/puxbay/internal/handlers/crm_handler.go:142.2,143.16 2 0
github.com/softivite/puxbay/internal/handlers/crm_handler.go:143.16,144.39 1 0
github.com/softivite/puxbay/internal/handlers/crm_handler.go:144.39,147.4 2 0
github.com/softivite/puxbay/internal/handlers/crm_handler.go:148.3,148.38 1 0
github.com/softivite/puxbay/internal/handlers/crm_handler.go:148.38,151.4 2 0
github.com/softivite/puxbay/internal/handlers/crm_handler.go:152.3,153.9 2 0
github.com/softivite/puxbay/internal/handlers/crm_handler.go:156.2,156.29 1 0
github.com/softivite/puxbay/internal/handlers/crm_handler.go:160.49,163.60 2 0
github.com/softivite/puxbay/internal/handlers/crm_handler.go:163.60,164.39 1 0
github.com/softivite/puxbay/internal/handlers/crm_handler.go:164.39,167.4 2 0
github.com/softivite/puxbay/internal/handlers/crm_handler.go:168.3,169.9 2 0
github.com/softivite/puxbay/internal/handlers/crm_handler.go:172.2,172.57 1 0
github.com/softivite/puxbay/internal/handlers/crm_handler.go:178.69,182.16 3 0
github.com/softivite/puxbay/internal/handlers/crm_handler.go:182.16,185.3 2 0
github.com/softivite/puxbay/internal/handlers/crm_handler.go:187.2,190.4 1 0
github.com/softivite/puxbay/internal/handlers/crm_handler.go:194.60,202.47 3 0
github.com/softivite/puxbay/internal/handlers/crm_handler.go:202.47,205.3 2 0
github.com/softivite/puxbay/internal/handlers/crm_handler.go:207.2,214.16 3 0
github.com/softivite/puxbay/internal/handlers/crm_handler.go:214.16,215.43 1 0
github.com/softivite/puxbay/internal/handlers/crm_handler.go:215.43,218.4 2 0
github.com/softivite/puxbay/internal/handlers/crm_handler.go:219.3,219.42 1 0
github.com/softivite/puxbay/internal/handlers/crm_handler.go:219.42,222.4 2 0
github.com/softivite/puxbay/internal/handlers/crm_handler.go:223.3,224.9 2 0
github.com/softivite/puxbay/internal/handlers/crm_handler.go:227.2,231.4 1 0
github.com/softivite/puxbay/internal/handlers/crm_handler.go:235.51,237.16 2 0
github.com/softivite/puxbay/internal/handlers/crm_handler.go:237.16,240.3 2 0
github.com/softivite/puxbay/internal/handlers/crm_handler.go:241.2,241.52 1 0
github.com/softivite/puxbay/internal/handlers/crm_handler.go:244.66,247.16 3 0
github.com/softivite/puxbay/internal/handlers/crm_handler.go:247.16,250.3 2 0
github.com/softivite/puxbay/internal/handlers/crm_handler.go:251.2,254.4 1 0
github.com/softivite/puxbay/internal/handlers/crm_handler.go:263.53,265.47 2 0
github.com/softivite/puxbay/internal/handlers/crm_handler.go:265.47,268.3 2 0
github.com/softivite/puxbay/internal/handlers/crm_handler.go:270.2,271.15 2 0
github.com/softivite/puxbay/internal/handlers/crm_handler.go:271.15,273.3 1 0
github.com/softivite/puxbay/internal/handlers/crm_handler.go:275.2,276.16 2 0
github.com/softivite/puxbay/internal/handlers/crm_handler.go:276.16,279.3 2 0
github.com/softivite/puxbay/internal/handlers/crm_handler.go:281.2,285.23 2 0
github.com/softivite/puxbay/internal/handlers/crm_handler.go:285.23,287.3 1 0
github.com/softivite/puxbay/internal/handlers/crm_handler.go:289.2,289.63 1 0
github.com/softivite/puxbay/internal/handlers/crm_handler.go:289.63,292.3 2 0
github.com/softivite/puxbay/internal/handlers/crm_handler.go:294.2,294.23 1 0
github.com/softivite/puxbay/internal/handlers/crm_handler.go:298.53,301.15 3 0
github.com/softivite/puxbay/internal/handlers/crm_handler.go:301.15,303.3 1 0
github.com/softivite/puxbay/internal/handlers/crm_handler.go:304.2,304.94 1 0
github.com/softivite/puxbay/internal/handlers/crm_handler.go:304.94,307.3 2 0
github.com/softivite/puxbay/internal/handlers/crm_handler.go:308.2,308.51 1 0
github.com/softivite/puxbay/internal/handlers/customer_handler.go:18.55,20.2 1 0
github.com/softivite/puxbay/internal/handlers/customer_handler.go:22.77,24.2 1 0
github.com/softivite/puxbay/internal/handlers/customer_handler.go:28.48,36.16 6 0
github.com/softivite/puxbay/internal/handlers/customer_handler.go:36.16,39.3 2 0
github.com/softivite/puxbay/internal/handlers/customer_handler.go:41.2,46.4 1 0
github.com/softivite/puxbay/internal/handlers/customer_handler.go:59.50,61.47 2 0
github.com/softivite/puxbay/internal/handlers/customer_handler.go:61.47,64.3 2 0
github.com/softivite/puxbay/internal/handlers/customer_handler.go:66.2,74.16 3 0
github.com/softivite/puxbay/internal/handlers/customer_handler.go:74.16,77.3 2 0
github.com/softivite/puxbay/internal/handlers/customer_handler.go:79.2,79.38 1 0
github.com/softivite/puxbay/internal/handlers/customer_handler.go:84.47,88.16 3 0
github.com/softivite/puxbay/internal/handlers/customer_handler.go:88.16,91.3 2 0
github.com/softivite/puxbay/internal/handlers/customer_handler.go:93.2,93.33 1 0
github.com/softivite/puxbay/internal/handlers/customer_handler.go:98.50,102.47 3 0
github.com/softivite/puxbay/internal/handlers/customer_handler.go:102.47,105.3 2 0
github.com/softivite/puxbay/internal/handlers/customer_handler.go:107.2,115.16 3 0
github.com/softivite/puxbay/internal/handlers/customer_handler.go:115.16,116.42 1 0
github.com/softivite/puxbay/internal/handlers/customer_handler.go:116.42,119.4 2 0
github.com/softivite/puxbay/internal/handlers/customer_handler.go:120.3,121.9 2 0
github.com/softivite/puxbay/internal/handlers/customer_handler.go:124.2,124.33 1 0
github.com/softivite/puxbay/internal/handlers/customer_handler.go:129.50,132.56 2 0
[...]
github.com/softivite/puxbay/internal/services/staff_service.go:159.3,161.54 3 0
github.com/softivite/puxbay/internal/services/staff_service.go:161.54,163.4 1 0
github.com/softivite/puxbay/internal/services/staff_service.go:164.3,164.13 1 0
github.com/softivite/puxbay/internal/services/staff_service.go:167.2,167.16 1 0
github.com/softivite/puxbay/internal/services/staff_service.go:167.16,169.3 1 0
github.com/softivite/puxbay/internal/services/staff_service.go:171.2,171.21 1 0
github.com/softivite/puxbay/internal/services/staff_service.go:174.73,176.2 1 0
github.com/softivite/puxbay/internal/services/storefront_service.go:22.98,24.2 1 0
github.com/softivite/puxbay/internal/services/storefront_service.go:26.79,28.20 2 0
github.com/softivite/puxbay/internal/services/storefront_service.go:28.20,29.83 1 0
github.com/softivite/puxbay/internal/services/storefront_service.go:29.83,31.65 2 0
github.com/softivite/puxbay/internal/services/storefront_service.go:31.65,33.5 1 0
github.com/softivite/puxbay/internal/services/storefront_service.go:37.2,38.52 2 0
github.com/softivite/puxbay/internal/services/storefront_service.go:38.52,45.3 1 0
github.com/softivite/puxbay/internal/services/storefront_service.go:47.2,47.20 1 0
github.com/softivite/puxbay/internal/services/storefront_service.go:47.20,48.54 1 0
github.com/softivite/puxbay/internal/services/storefront_service.go:48.54,50.4 1 0
github.com/softivite/puxbay/internal/services/storefront_service.go:53.2,53.23 1 0
github.com/softivite/puxbay/internal/services/storefront_service.go:56.112,58.52 2 0
github.com/softivite/puxbay/internal/services/storefront_service.go:58.52,59.48 1 0
github.com/softivite/puxbay/internal/services/storefront_service.go:59.48,61.4 1 0
github.com/softivite/puxbay/internal/services/storefront_service.go:62.3,62.18 1 0
github.com/softivite/puxbay/internal/services/storefront_service.go:65.2,78.51 13 0
github.com/softivite/puxbay/internal/services/storefront_service.go:78.51,80.3 1 0
github.com/softivite/puxbay/internal/services/storefront_service.go:81.2,81.23 1 0
github.com/softivite/puxbay/internal/services/storefront_service.go:104.102,106.20 2 0
github.com/softivite/puxbay/internal/services/storefront_service.go:106.20,107.83 1 0
github.com/softivite/puxbay/internal/services/storefront_service.go:107.83,109.63 2 0
github.com/softivite/puxbay/internal/services/storefront_service.go:109.63,111.5 1 0
github.com/softivite/puxbay/internal/services/storefront_service.go:115.2,119.27 3 0
github.com/softivite/puxbay/internal/services/storefront_service.go:119.27,121.3 1 0
github.com/softivite/puxbay/internal/services/storefront_service.go:122.2,122.25 1 0
github.com/softivite/puxbay/internal/services/storefront_service.go:122.25,124.3 1 0
github.com/softivite/puxbay/internal/services/storefront_service.go:125.2,125.29 1 0
github.com/softivite/puxbay/internal/services/storefront_service.go:125.29,127.3 1 0
github.com/softivite/puxbay/internal/services/storefront_service.go:128.2,128.27 1 0
github.com/softivite/puxbay/internal/services/storefront_service.go:128.27,130.3 1 0
github.com/softivite/puxbay/internal/services/storefront_service.go:131.2,131.27 1 0
github.com/softivite/puxbay/internal/services/storefront_service.go:131.27,133.3 1 0
github.com/softivite/puxbay/internal/services/storefront_service.go:134.2,134.30 1 0
github.com/softivite/puxbay/internal/services/storefront_service.go:134.30,136.3 1 0
github.com/softivite/puxbay/internal/services/storefront_service.go:138.2,138.23 1 0
github.com/softivite/puxbay/internal/services/storefront_service.go:139.19,140.43 1 0
github.com/softivite/puxbay/internal/services/storefront_service.go:141.20,142.44 1 0
github.com/softivite/puxbay/internal/services/storefront_service.go:143.10,144.41 1 0
github.com/softivite/puxbay/internal/services/storefront_service.go:147.2,151.110 4 0
github.com/softivite/puxbay/internal/services/storefront_service.go:151.110,153.3 1 0
github.com/softivite/puxbay/internal/services/storefront_service.go:155.2,163.20 2 0
github.com/softivite/puxbay/internal/services/storefront_service.go:163.20,164.52 1 0
github.com/softivite/puxbay/internal/services/storefront_service.go:164.52,166.4 1 0
github.com/softivite/puxbay/internal/services/storefront_service.go:169.2,169.20 1 0
github.com/softivite/puxbay/internal/services/storefront_service.go:172.88,177.20 3 0
github.com/softivite/puxbay/internal/services/storefront_service.go:177.20,180.3 1 0
github.com/softivite/puxbay/internal/services/storefront_service.go:182.2,182.54 1 0
github.com/softivite/puxbay/internal/services/storefront_service.go:182.54,184.3 1 0
github.com/softivite/puxbay/internal/services/storefront_service.go:185.2,185.24 1 0
github.com/softivite/puxbay/internal/services/storefront_service.go:196.75,198.16 2 0
github.com/softivite/puxbay/internal/services/storefront_service.go:198.16,200.3 1 0
github.com/softivite/puxbay/internal/services/storefront_service.go:202.2,204.57 2 0
github.com/softivite/puxbay/internal/services/storefront_service.go:204.57,206.3 1 0
github.com/softivite/puxbay/internal/services/storefront_service.go:208.2,225.31 9 0
github.com/softivite/puxbay/internal/services/storefront_service.go:225.31,229.3 1 0
github.com/softivite/puxbay/internal/services/storefront_service.go:231.2,237.8 1 0
github.com/softivite/puxbay/internal/services/storefront_service.go:240.83,241.23 1 0
github.com/softivite/puxbay/internal/services/storefront_service.go:241.23,243.3 1 0
github.com/softivite/puxbay/internal/services/storefront_service.go:245.2,247.52 2 0
github.com/softivite/puxbay/internal/services/storefront_service.go:247.52,249.3 1 0
github.com/softivite/puxbay/internal/services/storefront_service.go:251.2,251.20 1 0
github.com/softivite/puxbay/internal/services/storefront_service.go:260.113,262.16 2 0
github.com/softivite/puxbay/internal/services/storefront_service.go:262.16,264.3 1 0
github.com/softivite/puxbay/internal/services/storefront_service.go:266.2,267.16 2 0
github.com/softivite/puxbay/internal/services/storefront_service.go:267.16,269.3 1 0
github.com/softivite/puxbay/internal/services/storefront_service.go:271.2,279.51 2 0
github.com/softivite/puxbay/internal/services/storefront_service.go:279.51,281.3 1 0
github.com/softivite/puxbay/internal/services/storefront_service.go:283.2,283.21 1 0
github.com/softivite/puxbay/internal/services/storefront_service.go:286.69,288.135 2 0
github.com/softivite/puxbay/internal/services/storefront_service.go:288.135,290.3 1 0
github.com/softivite/puxbay/internal/services/storefront_service.go:291.2,291.12 1 0
github.com/softivite/puxbay/internal/services/storefront_service.go:294.91,296.16 2 0
github.com/softivite/puxbay/internal/services/storefront_service.go:296.16,298.3 1 0
github.com/softivite/puxbay/internal/services/storefront_service.go:299.2,303.23 2 0
github.com/softivite/puxbay/internal/services/storefront_service.go:303.23,305.3 1 0
github.com/softivite/puxbay/internal/services/storefront_service.go:306.2,306.12 1 0
github.com/softivite/puxbay/internal/services/storefront_service.go:315.106,317.98 2 0
github.com/softivite/puxbay/internal/services/storefront_service.go:317.98,319.3 1 0
github.com/softivite/puxbay/internal/services/storefront_service.go:321.2,321.36 1 0
github.com/softivite/puxbay/internal/services/storefront_service.go:321.36,323.3 1 0
github.com/softivite/puxbay/internal/services/storefront_service.go:325.2,326.41 2 0
github.com/softivite/puxbay/internal/services/storefront_service.go:326.41,328.3 1 0
github.com/softivite/puxbay/internal/services/storefront_service.go:328.8,330.3 1 0
github.com/softivite/puxbay/internal/services/storefront_service.go:331.2,331.32 1 0
github.com/softivite/puxbay/internal/services/storefront_service.go:331.32,333.3 1 0
github.com/softivite/puxbay/internal/services/storefront_service.go:335.2,339.8 1 0
github.com/softivite/puxbay/internal/services/storefront_service.go:342.68,344.75 2 0
github.com/softivite/puxbay/internal/services/storefront_service.go:344.75,346.3 1 0
github.com/softivite/puxbay/internal/services/storefront_service.go:347.2,347.21 1 0
github.com/softivite/puxbay/internal/services/storefront_service.go:350.71,352.2 1 0
github.com/softivite/puxbay/internal/services/storefront_service.go:354.98,356.16 2 0
github.com/softivite/puxbay/internal/services/storefront_service.go:356.16,358.3 1 0
github.com/softivite/puxbay/internal/services/storefront_service.go:360.2,361.76 2 0
github.com/softivite/puxbay/internal/services/storefront_service.go:361.76,363.3 1 0
github.com/softivite/puxbay/internal/services/storefront_service.go:365.2,373.49 8 0
github.com/softivite/puxbay/internal/services/storefront_service.go:373.49,375.3 1 0
github.com/softivite/puxbay/internal/services/storefront_service.go:376.2,376.21 1 0
github.com/softivite/puxbay/internal/services/supplier_service.go:15.55,17.2 1 0
github.com/softivite/puxbay/internal/services/supplier_service.go:19.70,21.52 2 0
github.com/softivite/puxbay/internal/services/supplier_service.go:21.52,23.3 1 0
github.com/softivite/puxbay/internal/services/supplier_service.go:24.2,24.23 1 0
github.com/softivite/puxbay/internal/services/supplier_service.go:27.76,29.66 2 0
github.com/softivite/puxbay/internal/services/supplier_service.go:29.66,31.3 1 0
github.com/softivite/puxbay/internal/services/supplier_service.go:32.2,32.23 1 0
github.com/softivite/puxbay/internal/services/supplier_service.go:46.89,59.53 2 0
github.com/softivite/puxbay/internal/services/supplier_service.go:59.53,61.3 1 0
github.com/softivite/puxbay/internal/services/supplier_service.go:63.2,63.23 1 0
github.com/softivite/puxbay/internal/services/supplier_service.go:66.100,68.66 2 0
github.com/softivite/puxbay/internal/services/supplier_service.go:68.66,70.3 1 0
github.com/softivite/puxbay/internal/services/supplier_service.go:72.2,81.51 9 0
github.com/softivite/puxbay/internal/services/supplier_service.go:81.51,83.3 1 0
github.com/softivite/puxbay/internal/services/supplier_service.go:85.2,85.23 1 0
github.com/softivite/puxbay/internal/services/supplier_service.go:88.59,89.76 1 0
github.com/softivite/puxbay/internal/services/supplier_service.go:89.76,91.3 1 0
github.com/softivite/puxbay/internal/services/supplier_service.go:92.2,92.12 1 0
github.com/softivite/puxbay/internal/services/supplier_service.go:95.101,97.107 2 0
github.com/softivite/puxbay/internal/services/supplier_service.go:97.107,99.3 1 0
github.com/softivite/puxbay/internal/services/supplier_service.go:100.2,100.22 1 0
github.com/softivite/puxbay/internal/services/supplier_service.go:109.126,117.60 2 0
github.com/softivite/puxbay/internal/services/supplier_service.go:117.60,119.3 1 0
github.com/softivite/puxbay/internal/services/supplier_service.go:121.2,121.30 1 0
github.com/softivite/puxbay/internal/services/supplier_service.go:124.102,126.112 2 0
github.com/softivite/puxbay/internal/services/supplier_service.go:126.112,128.3 1 0
github.com/softivite/puxbay/internal/services/supplier_service.go:129.2,129.21 1 0
github.com/softivite/puxbay/internal/services/supplier_service.go:139.122,142.50 2 0
github.com/softivite/puxbay/internal/services/supplier_service.go:142.50,144.79 2 0
github.com/softivite/puxbay/internal/services/supplier_service.go:144.79,146.4 1 0
github.com/softivite/puxbay/internal/services/supplier_service.go:148.3,148.35 1 0
github.com/softivite/puxbay/internal/services/supplier_service.go:148.35,150.4 1 0
github.com/softivite/puxbay/internal/services/supplier_service.go:150.9,150.42 1 0
github.com/softivite/puxbay/internal/services/supplier_service.go:150.42,152.4 1 0
github.com/softivite/puxbay/internal/services/supplier_service.go:154.3,154.50 1 0
github.com/softivite/puxbay/internal/services/supplier_service.go:154.50,156.4 1 0
github.com/softivite/puxbay/internal/services/supplier_service.go:158.3,167.48 2 0
github.com/softivite/puxbay/internal/services/supplier_service.go:167.48,169.4 1 0
github.com/softivite/puxbay/internal/services/supplier_service.go:171.3,171.13 1 0
github.com/softivite/puxbay/internal/services/supplier_service.go:174.2,174.16 1 0
github.com/softivite/puxbay/internal/services/supplier_service.go:174.16,176.3 1 0
github.com/softivite/puxbay/internal/services/supplier_service.go:178.2,178.19 1 0
github.com/softivite/puxbay/internal/services/tax_service.go:20.57,22.2 1 0
github.com/softivite/puxbay/internal/services/tax_service.go:25.107,26.32 1 0
github.com/softivite/puxbay/internal/services/tax_service.go:26.32,28.3 1 0
github.com/softivite/puxbay/internal/services/tax_service.go:30.2,31.102 2 0
github.com/softivite/puxbay/internal/services/tax_service.go:31.102,32.45 1 0
github.com/softivite/puxbay/internal/services/tax_service.go:32.45,35.4 1 0
github.com/softivite/puxbay/internal/services/tax_service.go:36.3,36.16 1 0
github.com/softivite/puxbay/internal/services/tax_service.go:39.2,40.23 2 0
github.com/softivite/puxbay/internal/services/tax_service.go:44.116,45.34 1 0
github.com/softivite/puxbay/internal/services/tax_service.go:45.34,47.3 1 0
github.com/softivite/puxbay/internal/services/tax_service.go:50.2,50.54 1 0
github.com/softivite/puxbay/internal/services/token_store.go:32.68,34.16 2 0
github.com/softivite/puxbay/internal/services/token_store.go:34.16,36.3 1 0
github.com/softivite/puxbay/internal/services/token_store.go:37.2,39.64 2 0
github.com/softivite/puxbay/internal/services/token_store.go:39.64,41.3 1 0
github.com/softivite/puxbay/internal/services/token_store.go:42.2,42.46 1 0
github.com/softivite/puxbay/internal/services/token_store.go:47.95,50.2 2 0
github.com/softivite/puxbay/internal/services/token_store.go:53.99,55.27 2 0
github.com/softivite/puxbay/internal/services/token_store.go:55.27,58.3 2 0
github.com/softivite/puxbay/internal/services/token_store.go:59.2,60.12 2 0
github.com/softivite/puxbay/internal/services/token_store.go:64.74,68.2 3 0
github.com/softivite/puxbay/internal/services/token_store.go:71.80,74.27 3 0
github.com/softivite/puxbay/internal/services/token_store.go:74.27,77.3 2 0
github.com/softivite/puxbay/internal/services/token_store.go:78.2,81.27 3 0
github.com/softivite/puxbay/internal/services/token_store.go:81.27,84.3 2 0
github.com/softivite/puxbay/internal/services/token_store.go:85.2,85.16 1 0
github.com/softivite/puxbay/internal/services/token_store.go:92.88,94.2 1 0
github.com/softivite/puxbay/internal/services/token_store.go:96.69,98.2 1 0
github.com/softivite/puxbay/internal/services/token_store.go:100.91,102.2 1 0
github.com/softivite/puxbay/internal/services/token_store.go:104.77,107.2 2 0
github.com/softivite/puxbay/internal/services/user_profile_service.go:15.61,17.2 1 0
github.com/softivite/puxbay/internal/services/user_profile_service.go:19.93,21.100 2 0
github.com/softivite/puxbay/internal/services/user_profile_service.go:21.100,23.3 1 0
github.com/softivite/puxbay/internal/services/user_profile_service.go:24.2,24.22 1 0
github.com/softivite/puxbay/internal/services/user_profile_service.go:27.101,29.115 2 0
github.com/softivite/puxbay/internal/services/user_profile_service.go:29.115,31.3 1 0
github.com/softivite/puxbay/internal/services/user_profile_service.go:32.2,32.22 1 0
github.com/softivite/puxbay/internal/services/user_profile_service.go:42.128,44.16 2 0
github.com/softivite/puxbay/internal/services/user_profile_service.go:44.16,46.3 1 0
github.com/softivite/puxbay/internal/services/user_profile_service.go:48.2,48.20 1 0
github.com/softivite/puxbay/internal/services/user_profile_service.go:48.20,50.3 1 0
github.com/softivite/puxbay/internal/services/user_profile_service.go:51.2,51.38 1 0
github.com/softivite/puxbay/internal/services/user_profile_service.go:51.38,53.3 1 0
github.com/softivite/puxbay/internal/services/user_profile_service.go:54.2,54.24 1 0
github.com/softivite/puxbay/internal/services/user_profile_service.go:54.24,56.3 1 0
github.com/softivite/puxbay/internal/services/user_profile_service.go:57.2,57.24 1 0
github.com/softivite/puxbay/internal/services/user_profile_service.go:57.24,59.3 1 0
github.com/softivite/puxbay/internal/services/user_profile_service.go:61.2,61.50 1 0
github.com/softivite/puxbay/internal/services/user_profile_service.go:61.50,63.3 1 0
github.com/softivite/puxbay/internal/services/user_profile_service.go:65.2,65.21 1 0
github.com/softivite/puxbay/internal/services/wallet_service.go:15.51,17.2 1 0
github.com/softivite/puxbay/internal/services/wallet_service.go:26.105,30.25 3 0
github.com/softivite/puxbay/internal/services/wallet_service.go:30.25,32.22 2 0
github.com/softivite/puxbay/internal/services/wallet_service.go:32.22,34.4 1 0
github.com/softivite/puxbay/internal/services/wallet_service.go:35.3,35.64 1 0
github.com/softivite/puxbay/internal/services/wallet_service.go:36.8,36.32 1 0
github.com/softivite/puxbay/internal/services/wallet_service.go:36.32,38.3 1 0
github.com/softivite/puxbay/internal/services/wallet_service.go:38.8,40.3 1 0
github.com/softivite/puxbay/internal/services/wallet_service.go:42.2,42.16 1 0
github.com/softivite/puxbay/internal/services/wallet_service.go:42.16,44.3 1 0
github.com/softivite/puxbay/internal/services/wallet_service.go:46.2,60.8 7 0
github.com/softivite/puxbay/internal/services/wallet_service.go:63.80,65.78 2 0
github.com/softivite/puxbay/internal/services/wallet_service.go:65.78,67.3 1 0
github.com/softivite/puxbay/internal/services/wallet_service.go:68.2,68.23 1 0
github.com/softivite/puxbay/internal/services/wallet_service.go:71.87,73.16 2 0
github.com/softivite/puxbay/internal/services/wallet_service.go:73.16,75.3 1 0
github.com/softivite/puxbay/internal/services/wallet_service.go:77.2,79.23 3 0
github.com/softivite/puxbay/internal/services/wallet_service.go:82.73,85.2 2 0
github.com/softivite/puxbay/internal/services/wallet_service.go:87.107,89.16 2 0
github.com/softivite/puxbay/internal/services/wallet_service.go:89.16,91.3 1 0
github.com/softivite/puxbay/internal/services/wallet_service.go:93.2,95.26 3 0
github.com/softivite/puxbay/internal/services/wallet_service.go:103.151,105.16 2 0
github.com/softivite/puxbay/internal/services/wallet_service.go:105.16,107.3 1 0
github.com/softivite/puxbay/internal/services/wallet_service.go:109.2,110.80 2 0
github.com/softivite/puxbay/internal/services/wallet_service.go:110.80,112.3 1 0
github.com/softivite/puxbay/internal/services/wallet_service.go:114.2,126.37 6 0
github.com/softivite/puxbay/internal/services/wallet_service.go:129.84,130.25 1 0
github.com/softivite/puxbay/internal/services/wallet_service.go:130.25,132.3 1 0
github.com/softivite/puxbay/internal/services/wallet_service.go:134.2,135.16 2 0
github.com/softivite/puxbay/internal/services/wallet_service.go:135.16,137.3 1 0
github.com/softivite/puxbay/internal/services/wallet_service.go:139.2,140.80 2 0
github.com/softivite/puxbay/internal/services/wallet_service.go:140.80,142.3 1 0
github.com/softivite/puxbay/internal/services/wallet_service.go:144.2,144.23 1 0
github.com/softivite/puxbay/internal/services/webhook_service.go:18.53,20.2 1 0
github.com/softivite/puxbay/internal/services/webhook_service.go:24.101,25.12 1 0
github.com/softivite/puxbay/internal/services/webhook_service.go:25.12,31.54 4 0
github.com/softivite/puxbay/internal/services/webhook_service.go:31.54,33.18 2 0
github.com/softivite/puxbay/internal/services/webhook_service.go:33.18,36.5 2 0
github.com/softivite/puxbay/internal/services/webhook_service.go:37.4,38.29 2 0
github.com/softivite/puxbay/internal/services/webhook_service.go:38.29,41.5 1 0
github.com/softivite/puxbay/internal/services/webhook_service.go:43.4,46.69 3 0
github.com/softivite/puxbay/internal/services/webhook_service.go:46.69,51.5 3 0
github.com/softivite/puxbay/internal/services/webhook_service.go:53.4,53.19 1 0
github.com/softivite/puxbay/internal/services/webhook_service.go:53.19,55.5 1 0
github.com/softivite/puxbay/internal/services/webhook_service.go:58.4,60.16 3 0
github.com/softivite/puxbay/internal/services/webhook_service.go:64.3,65.103 2 0
